#
# There is insufficient memory for the Java Runtime Environment to continue.
# Native memory allocation (mmap) failed to map 230686720 bytes for G1 virtual space
# Possible reasons:
#   The system is out of physical RAM or swap space
#   The process is running with CompressedOops enabled, and the Java Heap may be blocking the growth of the native heap
# Possible solutions:
#   Reduce memory load on the system
#   Increase physical memory or swap space
#   Check if swap backing store is full
#   Decrease Java heap size (-Xmx/-Xms)
#   Decrease number of Java threads
#   Decrease Java thread stack sizes (-Xss)
#   Set larger code cache with -XX:ReservedCodeCacheSize=
#   JVM is running with Zero Based Compressed Oops mode in which the Java heap is
#     placed in the first 32GB address space. The Java Heap base address is the
#     maximum limit for the native heap growth. Please use -XX:HeapBaseMinAddress
#     to set the Java Heap base and to place the Java Heap above 32GB virtual address.
# This output file may be truncated or incomplete.
#
#  Out of Memory Error (os_windows.cpp:3550), pid=13336, tid=6732
#
# JRE version: Java(TM) SE Runtime Environment (17.0.7+8) (build 17.0.7+8-LTS-224)
# Java VM: Java HotSpot(TM) 64-Bit Server VM (17.0.7+8-LTS-224, mixed mode, emulated-client, sharing, tiered, compressed oops, compressed class ptrs, g1 gc, windows-amd64)
# No core dump will be written. Minidumps are not enabled by default on client versions of Windows
#

---------------  S U M M A R Y ------------

Command Line: -Dcom.sun.management.jmxremote -Dcom.sun.management.jmxremote.port=51668 -Dcom.sun.management.jmxremote.authenticate=false -Dcom.sun.management.jmxremote.ssl=false -Djava.rmi.server.hostname=localhost -Dspring.jmx.enabled=true -Dspring.application.admin.enabled=true -XX:TieredStopAtLevel=1 -Dspring.boot.project.name=candidate-service -Dfile.encoding=UTF-8 -XX:+ShowCodeDetailsInExceptionMessages kripton.candidateservice.CandidateServiceApplication --spring.output.ansi.enabled=always

Host: Intel(R) Core(TM) i5-10300H CPU @ 2.50GHz, 8 cores, 23G,  Windows 10 , 64 bit Build 19041 (10.0.19041.2913)
Time: Sun May 28 13:33:21 2023 W. Central Africa Standard Time elapsed time: 2310.905833 seconds (0d 0h 38m 30s)

---------------  T H R E A D  ---------------

Current thread (0x0000015b16636dd0):  VMThread "VM Thread" [stack: 0x0000002e75c00000,0x0000002e75d00000] [id=6732]

Stack: [0x0000002e75c00000,0x0000002e75d00000]
Native frames: (J=compiled Java code, j=interpreted, Vv=VM code, C=native code)
V  [jvm.dll+0x676a4a]
V  [jvm.dll+0x7d74f4]
V  [jvm.dll+0x7d8c9e]
V  [jvm.dll+0x7d9303]
V  [jvm.dll+0x2452c5]
V  [jvm.dll+0x6738f9]
V  [jvm.dll+0x668232]
V  [jvm.dll+0x302826]
V  [jvm.dll+0x309da6]
V  [jvm.dll+0x35952e]
V  [jvm.dll+0x35975f]
V  [jvm.dll+0x2d9a38]
V  [jvm.dll+0x2d7e45]
V  [jvm.dll+0x2d744c]
V  [jvm.dll+0x31ae41]
V  [jvm.dll+0x7ddb0b]
V  [jvm.dll+0x7de844]
V  [jvm.dll+0x7ded5d]
V  [jvm.dll+0x7df134]
V  [jvm.dll+0x7df200]
V  [jvm.dll+0x78759a]
V  [jvm.dll+0x675875]
C  [ucrtbase.dll+0x21bb2]
C  [KERNEL32.DLL+0x17614]
C  [ntdll.dll+0x526a1]

VM_Operation (0x0000002e78dfb048): G1TryInitiateConcMark, mode: safepoint, requested by thread 0x0000015b1dec95b0


---------------  P R O C E S S  ---------------

Threads class SMR info:
_java_thread_list=0x0000015b1e2ce150, length=51, elements={
0x0000015b1663bd30, 0x0000015b1663e270, 0x0000015b16650a00, 0x0000015b166530e0,
0x0000015b16654760, 0x0000015b16658120, 0x0000015b16659ad0, 0x0000015b1665af20,
0x0000015b172c2d00, 0x0000015b17307e50, 0x0000015b17bdb340, 0x0000015b17bd5b00,
0x0000015b17c707e0, 0x0000015b17cc3140, 0x0000015b18155450, 0x0000015b18a8a150,
0x0000015b18a8a620, 0x0000015b18a87ad0, 0x0000015b18a8aaf0, 0x0000015b18a87fa0,
0x0000015b1dec5720, 0x0000015b1dec90e0, 0x0000015b1deca8f0, 0x0000015b1deca420,
0x0000015b1dec4d80, 0x0000015b1decb290, 0x0000015b1dec5bf0, 0x0000015b1dec95b0,
0x0000015b1dec7da0, 0x0000015b1dec6590, 0x0000015b1dec60c0, 0x0000015b1decb760,
0x0000015b1dec7400, 0x0000015b1dec6a60, 0x0000015b1dec6f30, 0x0000015b1dec43e0,
0x0000015b1decbc30, 0x0000015b1dec9a80, 0x0000015b1dec5250, 0x0000015b18a89c80,
0x0000015b18a88470, 0x0000015b1dec78d0, 0x0000015b1dec8740, 0x0000015b1dec8c10,
0x0000015b1dec48b0, 0x0000015b1dec9f50, 0x0000015b18a897b0, 0x0000015b17233320,
0x0000015b17234190, 0x0000015b172354d0, 0x0000015b17232e50
}

Java Threads: ( => current thread )
  0x0000015b1663bd30 JavaThread "Reference Handler" daemon [_thread_blocked, id=16424, stack(0x0000002e75d00000,0x0000002e75e00000)]
  0x0000015b1663e270 JavaThread "Finalizer" daemon [_thread_blocked, id=5492, stack(0x0000002e75e00000,0x0000002e75f00000)]
  0x0000015b16650a00 JavaThread "Signal Dispatcher" daemon [_thread_blocked, id=16576, stack(0x0000002e75f00000,0x0000002e76000000)]
  0x0000015b166530e0 JavaThread "Attach Listener" daemon [_thread_blocked, id=15288, stack(0x0000002e76000000,0x0000002e76100000)]
  0x0000015b16654760 JavaThread "Service Thread" daemon [_thread_blocked, id=2600, stack(0x0000002e76100000,0x0000002e76200000)]
  0x0000015b16658120 JavaThread "Monitor Deflation Thread" daemon [_thread_blocked, id=6548, stack(0x0000002e76200000,0x0000002e76300000)]
  0x0000015b16659ad0 JavaThread "C1 CompilerThread0" daemon [_thread_blocked, id=7396, stack(0x0000002e76300000,0x0000002e76400000)]
  0x0000015b1665af20 JavaThread "Sweeper thread" daemon [_thread_blocked, id=10236, stack(0x0000002e76400000,0x0000002e76500000)]
  0x0000015b172c2d00 JavaThread "Common-Cleaner" daemon [_thread_blocked, id=16560, stack(0x0000002e76500000,0x0000002e76600000)]
  0x0000015b17307e50 JavaThread "Notification Thread" daemon [_thread_blocked, id=3416, stack(0x0000002e76800000,0x0000002e76900000)]
  0x0000015b17bdb340 JavaThread "RMI TCP Accept-0" daemon [_thread_in_native, id=17104, stack(0x0000002e76900000,0x0000002e76a00000)]
  0x0000015b17bd5b00 JavaThread "RMI TCP Accept-51668" daemon [_thread_in_native, id=17128, stack(0x0000002e76a00000,0x0000002e76b00000)]
  0x0000015b17c707e0 JavaThread "RMI TCP Accept-0" daemon [_thread_in_native, id=17096, stack(0x0000002e77400000,0x0000002e77500000)]
  0x0000015b17cc3140 JavaThread "RMI Scheduler(0)" daemon [_thread_blocked, id=1556, stack(0x0000002e77700000,0x0000002e77800000)]
  0x0000015b18155450 JavaThread "JMX server connection timeout 22" daemon [_thread_blocked, id=13664, stack(0x0000002e77900000,0x0000002e77a00000)]
  0x0000015b18a8a150 JavaThread "Catalina-utility-1" [_thread_blocked, id=10004, stack(0x0000002e78000000,0x0000002e78100000)]
  0x0000015b18a8a620 JavaThread "Catalina-utility-2" [_thread_blocked, id=2468, stack(0x0000002e78100000,0x0000002e78200000)]
  0x0000015b18a87ad0 JavaThread "container-0" [_thread_blocked, id=16952, stack(0x0000002e78200000,0x0000002e78300000)]
  0x0000015b18a8aaf0 JavaThread "mysql-cj-abandoned-connection-cleanup" daemon [_thread_blocked, id=17336, stack(0x0000002e78300000,0x0000002e78400000)]
  0x0000015b18a87fa0 JavaThread "HikariPool-1 housekeeper" daemon [_thread_blocked, id=10924, stack(0x0000002e78400000,0x0000002e78500000)]
  0x0000015b1dec5720 JavaThread "spring.cloud.inetutils" daemon [_thread_blocked, id=9432, stack(0x0000002e78600000,0x0000002e78700000)]
  0x0000015b1dec90e0 JavaThread "AsyncResolver-bootstrap-0" daemon [_thread_blocked, id=7304, stack(0x0000002e78700000,0x0000002e78800000)]
  0x0000015b1deca8f0 JavaThread "DiscoveryClient-0" daemon [_thread_blocked, id=2240, stack(0x0000002e78800000,0x0000002e78900000)]
  0x0000015b1deca420 JavaThread "DiscoveryClient-1" daemon [_thread_blocked, id=10732, stack(0x0000002e78900000,0x0000002e78a00000)]
  0x0000015b1dec4d80 JavaThread "DiscoveryClient-InstanceInfoReplicator-0" daemon [_thread_blocked, id=17236, stack(0x0000002e78a00000,0x0000002e78b00000)]
  0x0000015b1decb290 JavaThread "http-nio-6001-exec-1" daemon [_thread_blocked, id=15736, stack(0x0000002e78b00000,0x0000002e78c00000)]
  0x0000015b1dec5bf0 JavaThread "http-nio-6001-exec-2" daemon [_thread_blocked, id=3728, stack(0x0000002e78c00000,0x0000002e78d00000)]
  0x0000015b1dec95b0 JavaThread "http-nio-6001-exec-3" daemon [_thread_blocked, id=14696, stack(0x0000002e78d00000,0x0000002e78e00000)]
  0x0000015b1dec7da0 JavaThread "http-nio-6001-exec-4" daemon [_thread_blocked, id=5072, stack(0x0000002e78e00000,0x0000002e78f00000)]
  0x0000015b1dec6590 JavaThread "http-nio-6001-exec-5" daemon [_thread_blocked, id=17024, stack(0x0000002e78f00000,0x0000002e79000000)]
  0x0000015b1dec60c0 JavaThread "http-nio-6001-exec-6" daemon [_thread_blocked, id=16728, stack(0x0000002e79000000,0x0000002e79100000)]
  0x0000015b1decb760 JavaThread "http-nio-6001-exec-7" daemon [_thread_blocked, id=1408, stack(0x0000002e79100000,0x0000002e79200000)]
  0x0000015b1dec7400 JavaThread "http-nio-6001-exec-8" daemon [_thread_blocked, id=15596, stack(0x0000002e79200000,0x0000002e79300000)]
  0x0000015b1dec6a60 JavaThread "http-nio-6001-exec-9" daemon [_thread_blocked, id=17040, stack(0x0000002e79300000,0x0000002e79400000)]
  0x0000015b1dec6f30 JavaThread "http-nio-6001-exec-10" daemon [_thread_blocked, id=8552, stack(0x0000002e79400000,0x0000002e79500000)]
  0x0000015b1dec43e0 JavaThread "http-nio-6001-Poller" daemon [_thread_in_native, id=12356, stack(0x0000002e79500000,0x0000002e79600000)]
  0x0000015b1decbc30 JavaThread "http-nio-6001-Acceptor" daemon [_thread_in_native, id=10024, stack(0x0000002e79600000,0x0000002e79700000)]
  0x0000015b1dec9a80 JavaThread "DestroyJavaVM" [_thread_blocked, id=6136, stack(0x0000002e75600000,0x0000002e75700000)]
  0x0000015b1dec5250 JavaThread "RMI TCP Connection(idle)" daemon [_thread_blocked, id=17204, stack(0x0000002e79c00000,0x0000002e79d00000)]
  0x0000015b18a89c80 JavaThread "DiscoveryClient-HeartbeatExecutor-0" daemon [_thread_blocked, id=7476, stack(0x0000002e77b00000,0x0000002e77c00000)]
  0x0000015b18a88470 JavaThread "DiscoveryClient-CacheRefreshExecutor-0" daemon [_thread_blocked, id=13556, stack(0x0000002e77f00000,0x0000002e78000000)]
  0x0000015b1dec78d0 JavaThread "parallel-1" daemon [_thread_blocked, id=19424, stack(0x0000002e75500000,0x0000002e75600000)]
  0x0000015b1dec8740 JavaThread "pool-11-thread-1" daemon [_thread_blocked, id=19428, stack(0x0000002e77600000,0x0000002e77700000)]
  0x0000015b1dec8c10 JavaThread "parallel-2" daemon [_thread_blocked, id=8712, stack(0x0000002e75300000,0x0000002e75400000)]
  0x0000015b1dec48b0 JavaThread "AsyncResolver-bootstrap-executor-0" daemon [_thread_blocked, id=16916, stack(0x0000002e75400000,0x0000002e75500000)]
  0x0000015b1dec9f50 JavaThread "parallel-3" daemon [_thread_blocked, id=11924, stack(0x0000002e76600000,0x0000002e76700000)]
  0x0000015b18a897b0 JavaThread "parallel-4" daemon [_thread_blocked, id=12900, stack(0x0000002e77800000,0x0000002e77900000)]
  0x0000015b17233320 JavaThread "parallel-5" daemon [_thread_blocked, id=9592, stack(0x0000002e77d00000,0x0000002e77e00000)]
  0x0000015b17234190 JavaThread "parallel-6" daemon [_thread_blocked, id=18660, stack(0x0000002e76700000,0x0000002e76800000)]
  0x0000015b172354d0 JavaThread "parallel-7" daemon [_thread_blocked, id=19388, stack(0x0000002e77a00000,0x0000002e77b00000)]
  0x0000015b17232e50 JavaThread "parallel-8" daemon [_thread_blocked, id=18988, stack(0x0000002e79700000,0x0000002e79800000)]

Other Threads:
=>0x0000015b16636dd0 VMThread "VM Thread" [stack: 0x0000002e75c00000,0x0000002e75d00000] [id=6732]
  0x0000015b79085840 WatcherThread [stack: 0x0000002e77500000,0x0000002e77600000] [id=15120]
  0x0000015b7906fd30 GCTaskThread "GC Thread#0" [stack: 0x0000002e75700000,0x0000002e75800000] [id=8856]
  0x0000015b17bd5fd0 GCTaskThread "GC Thread#1" [stack: 0x0000002e76b00000,0x0000002e76c00000] [id=12988]
  0x0000015b17bc6490 GCTaskThread "GC Thread#2" [stack: 0x0000002e76c00000,0x0000002e76d00000] [id=12500]
  0x0000015b17bc6740 GCTaskThread "GC Thread#3" [stack: 0x0000002e76d00000,0x0000002e76e00000] [id=2068]
  0x0000015b17bc69f0 GCTaskThread "GC Thread#4" [stack: 0x0000002e76e00000,0x0000002e76f00000] [id=13888]
  0x0000015b17bc8cb0 GCTaskThread "GC Thread#5" [stack: 0x0000002e76f00000,0x0000002e77000000] [id=16932]
  0x0000015b17c16440 GCTaskThread "GC Thread#6" [stack: 0x0000002e77000000,0x0000002e77100000] [id=7884]
  0x0000015b17c166f0 GCTaskThread "GC Thread#7" [stack: 0x0000002e77100000,0x0000002e77200000] [id=11660]
  0x0000015b7907e1c0 ConcurrentGCThread "G1 Main Marker" [stack: 0x0000002e75800000,0x0000002e75900000] [id=15628]
  0x0000015b7907eae0 ConcurrentGCThread "G1 Conc#0" [stack: 0x0000002e75900000,0x0000002e75a00000] [id=15976]
  0x0000015b186d9860 ConcurrentGCThread "G1 Conc#1" [stack: 0x0000002e77c00000,0x0000002e77d00000] [id=11960]
  0x0000015b164f47d0 ConcurrentGCThread "G1 Refine#0" [stack: 0x0000002e75a00000,0x0000002e75b00000] [id=1256]
  0x0000015b17c51040 ConcurrentGCThread "G1 Refine#1" [stack: 0x0000002e77200000,0x0000002e77300000] [id=13504]
  0x0000015b17c52770 ConcurrentGCThread "G1 Refine#2" [stack: 0x0000002e77300000,0x0000002e77400000] [id=6596]
  0x0000015b164f5000 ConcurrentGCThread "G1 Service" [stack: 0x0000002e75b00000,0x0000002e75c00000] [id=6788]

Threads with active compile tasks:

VM state: at safepoint (normal execution)

VM Mutex/Monitor currently owned by a thread:  ([mutex/lock_event])
[0x0000015b78fe2490] Threads_lock - owner thread: 0x0000015b16636dd0
[0x0000015b78fe33c0] Heap_lock - owner thread: 0x0000015b1dec95b0

Heap address: 0x0000000682c00000, size: 6100 MB, Compressed Oops mode: Zero based, Oop shift amount: 3

CDS archive(s) mapped at: [0x0000000800000000-0x0000000800bd0000-0x0000000800bd0000), size 12386304, SharedBaseAddress: 0x0000000800000000, ArchiveRelocationMode: 0.
Compressed class space mapped at: 0x0000000800c00000-0x0000000840c00000, reserved size: 1073741824
Narrow klass base: 0x0000000800000000, Narrow klass shift: 0, Narrow klass range: 0x100000000

GC Precious Log:
 CPUs: 8 total, 8 available
 Memory: 24394M
 Large Page Support: Disabled
 NUMA Support: Disabled
 Compressed Oops: Enabled (Zero based)
 Heap Region Size: 4M
 Heap Min Capacity: 8M
 Heap Initial Capacity: 384M
 Heap Max Capacity: 6100M
 Pre-touch: Disabled
 Parallel Workers: 8
 Concurrent Workers: 2
 Concurrent Refinement Workers: 8
 Periodic GC: Disabled

Heap:
 garbage-first heap   total 167936K, used 72910K [0x0000000682c00000, 0x0000000800000000)
  region size 4096K, 1 young (4096K), 1 survivors (4096K)
 Metaspace       used 86923K, committed 87680K, reserved 1130496K
  class space    used 12850K, committed 13184K, reserved 1048576K

Heap Regions: E=young(eden), S=young(survivor), O=old, HS=humongous(starts), HC=humongous(continues), CS=collection set, F=free, OA=open archive, CA=closed archive, TAMS=top-at-mark-start (previous, next)
|   0|0x0000000682c00000, 0x0000000683000000, 0x0000000683000000|100%| O|  |TAMS 0x0000000683000000, 0x0000000683000000| Untracked 
|   1|0x0000000683000000, 0x0000000683400000, 0x0000000683400000|100%| O|  |TAMS 0x0000000683400000, 0x0000000683400000| Untracked 
|   2|0x0000000683400000, 0x0000000683800000, 0x0000000683800000|100%| O|  |TAMS 0x0000000683800000, 0x0000000683800000| Untracked 
|   3|0x0000000683800000, 0x0000000683c00000, 0x0000000683c00000|100%| O|  |TAMS 0x0000000683c00000, 0x0000000683c00000| Untracked 
|   4|0x0000000683c00000, 0x0000000684000000, 0x0000000684000000|100%| O|  |TAMS 0x0000000684000000, 0x0000000684000000| Untracked 
|   5|0x0000000684000000, 0x0000000684400000, 0x0000000684400000|100%| O|  |TAMS 0x0000000684400000, 0x0000000684400000| Untracked 
|   6|0x0000000684400000, 0x0000000684800000, 0x0000000684800000|100%| O|  |TAMS 0x0000000684637400, 0x0000000684800000| Untracked 
|   7|0x0000000684800000, 0x0000000684c00000, 0x0000000684c00000|100%| O|  |TAMS 0x0000000684800000, 0x0000000684c00000| Untracked 
|   8|0x0000000684c00000, 0x0000000684f76600, 0x0000000685000000| 86%| O|  |TAMS 0x0000000684f76600, 0x0000000684f76600| Untracked 
|   9|0x0000000685000000, 0x0000000685400000, 0x0000000685400000|100%| O|  |TAMS 0x0000000685000000, 0x0000000685400000| Untracked 
|  10|0x0000000685400000, 0x0000000685800000, 0x0000000685800000|100%| O|  |TAMS 0x0000000685400000, 0x0000000685800000| Untracked 
|  11|0x0000000685800000, 0x0000000685c00000, 0x0000000685c00000|100%| O|  |TAMS 0x0000000685800000, 0x0000000685c00000| Untracked 
|  12|0x0000000685c00000, 0x0000000686000000, 0x0000000686000000|100%| O|  |TAMS 0x0000000685c00000, 0x0000000686000000| Untracked 
|  13|0x0000000686000000, 0x0000000686400000, 0x0000000686400000|100%| O|  |TAMS 0x0000000686000000, 0x0000000686400000| Untracked 
|  14|0x0000000686400000, 0x0000000686800000, 0x0000000686800000|100%|HS|  |TAMS 0x0000000686400000, 0x0000000686800000| Complete 
|  15|0x0000000686800000, 0x0000000686800000, 0x0000000686c00000|  0%| F|  |TAMS 0x0000000686800000, 0x0000000686800000| Untracked 
|  16|0x0000000686c00000, 0x0000000687000000, 0x0000000687000000|100%|HS|  |TAMS 0x0000000686c00000, 0x0000000687000000| Complete 
|  17|0x0000000687000000, 0x0000000687400000, 0x0000000687400000|100%|HC|  |TAMS 0x0000000687000000, 0x0000000687400000| Complete 
|  18|0x0000000687400000, 0x00000006877a9a00, 0x0000000687800000| 91%| O|  |TAMS 0x0000000687400000, 0x00000006877a9a00| Untracked 
|  19|0x0000000687800000, 0x0000000687800000, 0x0000000687c00000|  0%| F|  |TAMS 0x0000000687800000, 0x0000000687800000| Untracked 
|  20|0x0000000687c00000, 0x0000000687c00000, 0x0000000688000000|  0%| F|  |TAMS 0x0000000687c00000, 0x0000000687c00000| Untracked 
|  21|0x0000000688000000, 0x0000000688000000, 0x0000000688400000|  0%| F|  |TAMS 0x0000000688000000, 0x0000000688000000| Untracked 
|  22|0x0000000688400000, 0x0000000688400000, 0x0000000688800000|  0%| F|  |TAMS 0x0000000688400000, 0x0000000688400000| Untracked 
|  23|0x0000000688800000, 0x0000000688800000, 0x0000000688c00000|  0%| F|  |TAMS 0x0000000688800000, 0x0000000688800000| Untracked 
|  24|0x0000000688c00000, 0x0000000688c00000, 0x0000000689000000|  0%| F|  |TAMS 0x0000000688c00000, 0x0000000688c00000| Untracked 
|  25|0x0000000689000000, 0x0000000689000000, 0x0000000689400000|  0%| F|  |TAMS 0x0000000689000000, 0x0000000689000000| Untracked 
|  26|0x0000000689400000, 0x0000000689400000, 0x0000000689800000|  0%| F|  |TAMS 0x0000000689400000, 0x0000000689400000| Untracked 
|  27|0x0000000689800000, 0x0000000689800000, 0x0000000689c00000|  0%| F|  |TAMS 0x0000000689800000, 0x0000000689800000| Untracked 
|  28|0x0000000689c00000, 0x0000000689c00000, 0x000000068a000000|  0%| F|  |TAMS 0x0000000689c00000, 0x0000000689c00000| Untracked 
|  29|0x000000068a000000, 0x000000068a000000, 0x000000068a400000|  0%| F|  |TAMS 0x000000068a000000, 0x000000068a000000| Untracked 
|  30|0x000000068a400000, 0x000000068a400000, 0x000000068a800000|  0%| F|  |TAMS 0x000000068a400000, 0x000000068a400000| Untracked 
|  31|0x000000068a800000, 0x000000068a800000, 0x000000068ac00000|  0%| F|  |TAMS 0x000000068a800000, 0x000000068a800000| Untracked 
|  32|0x000000068ac00000, 0x000000068ac00000, 0x000000068b000000|  0%| F|  |TAMS 0x000000068ac00000, 0x000000068ac00000| Untracked 
|  33|0x000000068b000000, 0x000000068b000000, 0x000000068b400000|  0%| F|  |TAMS 0x000000068b000000, 0x000000068b000000| Untracked 
|  34|0x000000068b400000, 0x000000068b400000, 0x000000068b800000|  0%| F|  |TAMS 0x000000068b400000, 0x000000068b400000| Untracked 
|  35|0x000000068b800000, 0x000000068b800000, 0x000000068bc00000|  0%| F|  |TAMS 0x000000068b800000, 0x000000068b800000| Untracked 
|  36|0x000000068bc00000, 0x000000068bc00000, 0x000000068c000000|  0%| F|  |TAMS 0x000000068bc00000, 0x000000068bc00000| Untracked 
|  37|0x000000068c000000, 0x000000068c000000, 0x000000068c400000|  0%| F|  |TAMS 0x000000068c000000, 0x000000068c000000| Untracked 
|  38|0x000000068c400000, 0x000000068c4138a0, 0x000000068c800000|  1%| S|CS|TAMS 0x000000068c400000, 0x000000068c400000| Complete 
|  39|0x000000068c800000, 0x000000068c800000, 0x000000068cc00000|  0%| F|  |TAMS 0x000000068c800000, 0x000000068c800000| Untracked 
|  95|0x000000069a800000, 0x000000069a800000, 0x000000069ac00000|  0%| F|  |TAMS 0x000000069a800000, 0x000000069a800000| Untracked 

Card table byte_map: [0x0000015b7ed60000,0x0000015b7f950000] _byte_map_base: 0x0000015b7b94a000

Marking Bits (Prev, Next): (CMBitMap*) 0x0000015b790712a0, (CMBitMap*) 0x0000015b79071260
 Prev Bits: [0x0000015b0e2f0000, 0x0000015b14240000)
 Next Bits: [0x0000015b083a0000, 0x0000015b0e2f0000)

Polling page: 0x0000015b790a0000

Metaspace:

Usage:
  Non-class:     72.34 MB used.
      Class:     12.55 MB used.
       Both:     84.89 MB used.

Virtual space:
  Non-class space:       80.00 MB reserved,      72.75 MB ( 91%) committed,  10 nodes.
      Class space:        1.00 GB reserved,      12.88 MB (  1%) committed,  1 nodes.
             Both:        1.08 GB reserved,      85.62 MB (  8%) committed. 

Chunk freelists:
   Non-Class:  3.16 MB
       Class:  3.13 MB
        Both:  6.29 MB

MaxMetaspaceSize: unlimited
CompressedClassSpaceSize: 1.00 GB
Initial GC threshold: 21.00 MB
Current GC threshold: 99.38 MB
CDS: on
MetaspaceReclaimPolicy: balanced
 - commit_granule_bytes: 65536.
 - commit_granule_words: 8192.
 - virtual_space_node_default_size: 1048576.
 - enlarge_chunks_in_place: 1.
 - new_chunks_are_fully_committed: 0.
 - uncommit_free_chunks: 1.
 - use_allocation_guard: 0.
 - handle_deallocations: 1.


Internal statistics:

num_allocs_failed_limit: 9.
num_arena_births: 1288.
num_arena_deaths: 0.
num_vsnodes_births: 11.
num_vsnodes_deaths: 0.
num_space_committed: 1370.
num_space_uncommitted: 0.
num_chunks_returned_to_freelist: 9.
num_chunks_taken_from_freelist: 4584.
num_chunk_merges: 6.
num_chunk_splits: 3236.
num_chunks_enlarged: 2408.
num_purges: 0.
num_inconsistent_stats: 0.

CodeCache: size=49152Kb used=19976Kb max_used=20829Kb free=29175Kb
 bounds [0x0000015b7a890000, 0x0000015b7bd30000, 0x0000015b7d890000]
 total_blobs=12524 nmethods=11812 adapters=638
 compilation: enabled
              stopped_count=0, restarted_count=0
 full_count=0

Compilation events (20 events):
Event: 2280.636 Thread 0x0000015b16659ad0 11966       1       java.io.ObjectOutputStream::enableReplaceObject (47 bytes)
Event: 2280.636 Thread 0x0000015b16659ad0 nmethod 11966 0x0000015b7bd20390 code [0x0000015b7bd20540, 0x0000015b7bd20768]
Event: 2291.369 Thread 0x0000015b16659ad0 11967       1       com.fasterxml.jackson.core.util.BufferRecycler::releaseByteBuffer (10 bytes)
Event: 2291.369 Thread 0x0000015b16659ad0 nmethod 11967 0x0000015b7bd1f690 code [0x0000015b7bd1f8c0, 0x0000015b7bd1ff28]
Event: 2310.894 Thread 0x0000015b16659ad0 11968       1       java.util.AbstractCollection::containsAll (38 bytes)
Event: 2310.894 Thread 0x0000015b16659ad0 nmethod 11968 0x0000015b7bd1f210 code [0x0000015b7bd1f3e0, 0x0000015b7bd1f598]
Event: 2310.894 Thread 0x0000015b16659ad0 11969       1       java.util.TreeMap$KeySpliterator::tryAdvance (85 bytes)
Event: 2310.895 Thread 0x0000015b16659ad0 nmethod 11969 0x0000015b7bd1eb10 code [0x0000015b7bd1ed00, 0x0000015b7bd1f088]
Event: 2310.895 Thread 0x0000015b16659ad0 11970       1       java.lang.management.MemoryUsage::getUsed (5 bytes)
Event: 2310.895 Thread 0x0000015b16659ad0 nmethod 11970 0x0000015b7bd1e810 code [0x0000015b7bd1e9a0, 0x0000015b7bd1ea78]
Event: 2310.896 Thread 0x0000015b16659ad0 11971       1       java.io.OutputStream::write (9 bytes)
Event: 2310.898 Thread 0x0000015b16659ad0 nmethod 11971 0x0000015b7bd1e490 code [0x0000015b7bd1e620, 0x0000015b7bd1e728]
Event: 2310.898 Thread 0x0000015b16659ad0 11972   !   1       java.util.AbstractSet::equals (45 bytes)
Event: 2310.898 Thread 0x0000015b16659ad0 nmethod 11972 0x0000015b7bd1de90 code [0x0000015b7bd1e060, 0x0000015b7bd1e368]
Event: 2310.898 Thread 0x0000015b16659ad0 11973       1       sun.management.LazyCompositeData$$Lambda$1770/0x0000000800f7fd88::test (16 bytes)
Event: 2310.899 Thread 0x0000015b16659ad0 nmethod 11973 0x0000015b7bd1d790 code [0x0000015b7bd1d960, 0x0000015b7bd1dc28]
Event: 2310.899 Thread 0x0000015b16659ad0 11974       1       sun.management.LazyCompositeData::lambda$isTypeMatched$0 (14 bytes)
Event: 2310.899 Thread 0x0000015b16659ad0 nmethod 11974 0x0000015b7bd1d190 code [0x0000015b7bd1d360, 0x0000015b7bd1d5a8]
Event: 2310.899 Thread 0x0000015b16659ad0 11975       1       sun.management.LazyCompositeData::isTypeMatched (108 bytes)
Event: 2310.899 Thread 0x0000015b16659ad0 nmethod 11975 0x0000015b7bd1c810 code [0x0000015b7bd1ca20, 0x0000015b7bd1cfd8]

GC Heap History (20 events):
Event: 9.303 GC heap after
{Heap after GC invocations=21 (full 0):
 garbage-first heap   total 139264K, used 49977K [0x0000000682c00000, 0x0000000800000000)
  region size 4096K, 3 young (12288K), 3 survivors (12288K)
 Metaspace       used 72629K, committed 73216K, reserved 1114112K
  class space    used 10682K, committed 10944K, reserved 1048576K
}
Event: 9.656 GC heap before
{Heap before GC invocations=21 (full 0):
 garbage-first heap   total 139264K, used 103225K [0x0000000682c00000, 0x0000000800000000)
  region size 4096K, 16 young (65536K), 3 survivors (12288K)
 Metaspace       used 74450K, committed 75072K, reserved 1114112K
  class space    used 10968K, committed 11264K, reserved 1048576K
}
Event: 9.662 GC heap after
{Heap after GC invocations=22 (full 0):
 garbage-first heap   total 139264K, used 51722K [0x0000000682c00000, 0x0000000800000000)
  region size 4096K, 2 young (8192K), 2 survivors (8192K)
 Metaspace       used 74450K, committed 75072K, reserved 1114112K
  class space    used 10968K, committed 11264K, reserved 1048576K
}
Event: 10.165 GC heap before
{Heap before GC invocations=22 (full 0):
 garbage-first heap   total 139264K, used 109066K [0x0000000682c00000, 0x0000000800000000)
  region size 4096K, 16 young (65536K), 2 survivors (8192K)
 Metaspace       used 75696K, committed 76352K, reserved 1114112K
  class space    used 11188K, committed 11520K, reserved 1048576K
}
Event: 10.170 GC heap after
{Heap after GC invocations=23 (full 0):
 garbage-first heap   total 167936K, used 54078K [0x0000000682c00000, 0x0000000800000000)
  region size 4096K, 2 young (8192K), 2 survivors (8192K)
 Metaspace       used 75696K, committed 76352K, reserved 1114112K
  class space    used 11188K, committed 11520K, reserved 1048576K
}
Event: 110.961 GC heap before
{Heap before GC invocations=23 (full 0):
 garbage-first heap   total 167936K, used 127806K [0x0000000682c00000, 0x0000000800000000)
  region size 4096K, 21 young (86016K), 2 survivors (8192K)
 Metaspace       used 83625K, committed 84288K, reserved 1122304K
  class space    used 12320K, committed 12608K, reserved 1048576K
}
Event: 110.973 GC heap after
{Heap after GC invocations=24 (full 0):
 garbage-first heap   total 167936K, used 58115K [0x0000000682c00000, 0x0000000800000000)
  region size 4096K, 3 young (12288K), 3 survivors (12288K)
 Metaspace       used 83625K, committed 84288K, reserved 1122304K
  class space    used 12320K, committed 12608K, reserved 1048576K
}
Event: 2243.124 GC heap before
{Heap before GC invocations=24 (full 0):
 garbage-first heap   total 167936K, used 123651K [0x0000000682c00000, 0x0000000800000000)
  region size 4096K, 20 young (81920K), 3 survivors (12288K)
 Metaspace       used 86915K, committed 87680K, reserved 1130496K
  class space    used 12848K, committed 13184K, reserved 1048576K
}
Event: 2243.131 GC heap after
{Heap after GC invocations=25 (full 0):
 garbage-first heap   total 167936K, used 61307K [0x0000000682c00000, 0x0000000800000000)
  region size 4096K, 2 young (8192K), 2 survivors (8192K)
 Metaspace       used 86915K, committed 87680K, reserved 1130496K
  class space    used 12848K, committed 13184K, reserved 1048576K
}
Event: 2260.352 GC heap before
{Heap before GC invocations=25 (full 0):
 garbage-first heap   total 167936K, used 77691K [0x0000000682c00000, 0x0000000800000000)
  region size 4096K, 3 young (12288K), 2 survivors (8192K)
 Metaspace       used 86915K, committed 87680K, reserved 1130496K
  class space    used 12848K, committed 13184K, reserved 1048576K
}
Event: 2260.357 GC heap after
{Heap after GC invocations=26 (full 0):
 garbage-first heap   total 167936K, used 65124K [0x0000000682c00000, 0x0000000800000000)
  region size 4096K, 1 young (4096K), 1 survivors (4096K)
 Metaspace       used 86915K, committed 87680K, reserved 1130496K
  class space    used 12848K, committed 13184K, reserved 1048576K
}
Event: 2260.359 GC heap before
{Heap before GC invocations=26 (full 0):
 garbage-first heap   total 167936K, used 77412K [0x0000000682c00000, 0x0000000800000000)
  region size 4096K, 2 young (8192K), 1 survivors (4096K)
 Metaspace       used 86915K, committed 87680K, reserved 1130496K
  class space    used 12848K, committed 13184K, reserved 1048576K
}
Event: 2260.363 GC heap after
{Heap after GC invocations=27 (full 0):
 garbage-first heap   total 167936K, used 73367K [0x0000000682c00000, 0x0000000800000000)
  region size 4096K, 1 young (4096K), 1 survivors (4096K)
 Metaspace       used 86915K, committed 87680K, reserved 1130496K
  class space    used 12848K, committed 13184K, reserved 1048576K
}
Event: 2310.884 GC heap before
{Heap before GC invocations=27 (full 0):
 garbage-first heap   total 167936K, used 77463K [0x0000000682c00000, 0x0000000800000000)
  region size 4096K, 2 young (8192K), 1 survivors (4096K)
 Metaspace       used 86923K, committed 87680K, reserved 1130496K
  class space    used 12850K, committed 13184K, reserved 1048576K
}
Event: 2310.887 GC heap after
{Heap after GC invocations=28 (full 0):
 garbage-first heap   total 167936K, used 61921K [0x0000000682c00000, 0x0000000800000000)
  region size 4096K, 2 young (8192K), 2 survivors (8192K)
 Metaspace       used 86923K, committed 87680K, reserved 1130496K
  class space    used 12850K, committed 13184K, reserved 1048576K
}
Event: 2310.890 GC heap before
{Heap before GC invocations=28 (full 0):
 garbage-first heap   total 167936K, used 74209K [0x0000000682c00000, 0x0000000800000000)
  region size 4096K, 3 young (12288K), 2 survivors (8192K)
 Metaspace       used 86923K, committed 87680K, reserved 1130496K
  class space    used 12850K, committed 13184K, reserved 1048576K
}
Event: 2310.893 GC heap after
{Heap after GC invocations=29 (full 0):
 garbage-first heap   total 167936K, used 69384K [0x0000000682c00000, 0x0000000800000000)
  region size 4096K, 1 young (4096K), 1 survivors (4096K)
 Metaspace       used 86923K, committed 87680K, reserved 1130496K
  class space    used 12850K, committed 13184K, reserved 1048576K
}
Event: 2310.896 GC heap before
{Heap before GC invocations=29 (full 0):
 garbage-first heap   total 167936K, used 73480K [0x0000000682c00000, 0x0000000800000000)
  region size 4096K, 2 young (8192K), 1 survivors (4096K)
 Metaspace       used 86923K, committed 87680K, reserved 1130496K
  class space    used 12850K, committed 13184K, reserved 1048576K
}
Event: 2310.897 GC heap after
{Heap after GC invocations=30 (full 0):
 garbage-first heap   total 167936K, used 64810K [0x0000000682c00000, 0x0000000800000000)
  region size 4096K, 1 young (4096K), 1 survivors (4096K)
 Metaspace       used 86923K, committed 87680K, reserved 1130496K
  class space    used 12850K, committed 13184K, reserved 1048576K
}
Event: 2310.900 GC heap before
{Heap before GC invocations=30 (full 0):
 garbage-first heap   total 167936K, used 77098K [0x0000000682c00000, 0x0000000800000000)
  region size 4096K, 2 young (8192K), 1 survivors (4096K)
 Metaspace       used 86923K, committed 87680K, reserved 1130496K
  class space    used 12850K, committed 13184K, reserved 1048576K
}

Deoptimization events (20 events):
Event: 1.282 Thread 0x0000015b78fe6c90 DEOPT PACKING pc=0x0000015b7aec38f9 sp=0x0000002e756fc840
Event: 1.282 Thread 0x0000015b78fe6c90 DEOPT UNPACKING pc=0x0000015b7a8e2b43 sp=0x0000002e756fbd20 mode 3
Event: 1.622 Thread 0x0000015b78fe6c90 DEOPT PACKING pc=0x0000015b7ab1d3ac sp=0x0000002e756fee40
Event: 1.622 Thread 0x0000015b78fe6c90 DEOPT UNPACKING pc=0x0000015b7a8e2b43 sp=0x0000002e756fe308 mode 0
Event: 2.466 Thread 0x0000015b78fe6c90 DEOPT PACKING pc=0x0000015b7aed84a5 sp=0x0000002e756fe350
Event: 2.466 Thread 0x0000015b78fe6c90 DEOPT UNPACKING pc=0x0000015b7a8e2b43 sp=0x0000002e756fd8b8 mode 3
Event: 3.880 Thread 0x0000015b78fe6c90 DEOPT PACKING pc=0x0000015b7b232e79 sp=0x0000002e756fd2e0
Event: 3.880 Thread 0x0000015b78fe6c90 DEOPT UNPACKING pc=0x0000015b7a8e2b43 sp=0x0000002e756fc7c0 mode 3
Event: 4.360 Thread 0x0000015b78fe6c90 DEOPT PACKING pc=0x0000015b7b2bfe0a sp=0x0000002e756fe050
Event: 4.360 Thread 0x0000015b78fe6c90 DEOPT UNPACKING pc=0x0000015b7a8e2b43 sp=0x0000002e756fd5e8 mode 0
Event: 5.208 Thread 0x0000015b78fe6c90 DEOPT PACKING pc=0x0000015b7b278f54 sp=0x0000002e756fb3c0
Event: 5.208 Thread 0x0000015b78fe6c90 DEOPT UNPACKING pc=0x0000015b7a8e2b43 sp=0x0000002e756fa858 mode 3
Event: 7.066 Thread 0x0000015b78fe6c90 DEOPT PACKING pc=0x0000015b7aea6cd2 sp=0x0000002e756fceb0
Event: 7.066 Thread 0x0000015b78fe6c90 DEOPT UNPACKING pc=0x0000015b7a8e2b43 sp=0x0000002e756fc3b8 mode 3
Event: 7.225 Thread 0x0000015b78fe6c90 DEOPT PACKING pc=0x0000015b7aef5a54 sp=0x0000002e756fd4c0
Event: 7.225 Thread 0x0000015b78fe6c90 DEOPT UNPACKING pc=0x0000015b7a8e2b43 sp=0x0000002e756fca18 mode 0
Event: 442.633 Thread 0x0000015b1dec6f30 DEOPT PACKING pc=0x0000015b7b86ba1b sp=0x0000002e794fcbf0
Event: 442.634 Thread 0x0000015b1dec6f30 DEOPT UNPACKING pc=0x0000015b7a8e2b43 sp=0x0000002e794fc118 mode 3
Event: 2260.365 Thread 0x0000015b1decb760 DEOPT PACKING pc=0x0000015b7b957f88 sp=0x0000002e791fd910
Event: 2260.365 Thread 0x0000015b1decb760 DEOPT UNPACKING pc=0x0000015b7a8e2b43 sp=0x0000002e791fcea8 mode 3

Classes unloaded (0 events):
No events

Classes redefined (0 events):
No events

Internal exceptions (20 events):
Event: 2148.386 Thread 0x0000015b1dec95b0 Exception <a 'sun/net/ConnectionResetException'{0x000000068920c670}: Connection reset> (0x000000068920c670) 
thrown [s\open\src\hotspot\share\prims\jni.cpp, line 535]
Event: 2148.386 Thread 0x0000015b1decb290 Exception <a 'sun/net/ConnectionResetException'{0x00000006892ae5b8}: Connection reset> (0x00000006892ae5b8) 
thrown [s\open\src\hotspot\share\prims\jni.cpp, line 535]
Event: 2148.386 Thread 0x0000015b1dec6590 Exception <a 'sun/net/ConnectionResetException'{0x00000006893c15e0}: Connection reset> (0x00000006893c15e0) 
thrown [s\open\src\hotspot\share\prims\jni.cpp, line 535]
Event: 2148.386 Thread 0x0000015b1dec6a60 Exception <a 'java/lang/reflect/InvocationTargetException'{0x00000006897f91b8}> (0x00000006897f91b8) 
thrown [s\open\src\hotspot\share\runtime\reflection.cpp, line 1121]
Event: 2148.386 Thread 0x0000015b1dec5bf0 Exception <a 'java/lang/reflect/InvocationTargetException'{0x0000000689112430}> (0x0000000689112430) 
thrown [s\open\src\hotspot\share\runtime\reflection.cpp, line 1121]
Event: 2148.386 Thread 0x0000015b1decb290 Exception <a 'java/lang/reflect/InvocationTargetException'{0x0000000688cb5550}> (0x0000000688cb5550) 
thrown [s\open\src\hotspot\share\runtime\reflection.cpp, line 1121]
Event: 2148.386 Thread 0x0000015b1dec6a60 Exception <a 'java/lang/reflect/InvocationTargetException'{0x00000006897f99d8}> (0x00000006897f99d8) 
thrown [s\open\src\hotspot\share\runtime\reflection.cpp, line 1121]
Event: 2148.386 Thread 0x0000015b1dec5bf0 Exception <a 'java/lang/reflect/InvocationTargetException'{0x0000000689112c50}> (0x0000000689112c50) 
thrown [s\open\src\hotspot\share\runtime\reflection.cpp, line 1121]
Event: 2148.386 Thread 0x0000015b1dec95b0 Exception <a 'java/lang/reflect/InvocationTargetException'{0x000000068920f510}> (0x000000068920f510) 
thrown [s\open\src\hotspot\share\runtime\reflection.cpp, line 1121]
Event: 2148.386 Thread 0x0000015b1decb290 Exception <a 'java/lang/reflect/InvocationTargetException'{0x0000000688cb5d70}> (0x0000000688cb5d70) 
thrown [s\open\src\hotspot\share\runtime\reflection.cpp, line 1121]
Event: 2148.386 Thread 0x0000015b1dec60c0 Exception <a 'sun/net/ConnectionResetException'{0x0000000688cac1f8}: Connection reset> (0x0000000688cac1f8) 
thrown [s\open\src\hotspot\share\prims\jni.cpp, line 535]
Event: 2148.386 Thread 0x0000015b1dec95b0 Exception <a 'java/lang/reflect/InvocationTargetException'{0x000000068920fd30}> (0x000000068920fd30) 
thrown [s\open\src\hotspot\share\runtime\reflection.cpp, line 1121]
Event: 2148.386 Thread 0x0000015b1dec6590 Exception <a 'java/lang/reflect/InvocationTargetException'{0x00000006893c4480}> (0x00000006893c4480) 
thrown [s\open\src\hotspot\share\runtime\reflection.cpp, line 1121]
Event: 2148.386 Thread 0x0000015b1dec6590 Exception <a 'java/lang/reflect/InvocationTargetException'{0x00000006893c4ca0}> (0x00000006893c4ca0) 
thrown [s\open\src\hotspot\share\runtime\reflection.cpp, line 1121]
Event: 2148.387 Thread 0x0000015b1dec60c0 Exception <a 'java/lang/reflect/InvocationTargetException'{0x0000000688cdc438}> (0x0000000688cdc438) 
thrown [s\open\src\hotspot\share\runtime\reflection.cpp, line 1121]
Event: 2148.387 Thread 0x0000015b1dec60c0 Exception <a 'java/lang/reflect/InvocationTargetException'{0x0000000688cdcc58}> (0x0000000688cdcc58) 
thrown [s\open\src\hotspot\share\runtime\reflection.cpp, line 1121]
Event: 2260.364 Thread 0x0000015b1decb760 Exception <a 'java/net/ConnectException'{0x000000069a841eb0}: Connection refused: connect> (0x000000069a841eb0) 
thrown [s\open\src\hotspot\share\prims\jni.cpp, line 535]
Event: 2260.364 Thread 0x0000015b1decb760 Exception <a 'java/net/SocketException'{0x000000069a842738}: Socket is not connected: shutdown> (0x000000069a842738) 
thrown [s\open\src\hotspot\share\prims\jni.cpp, line 535]
Event: 2260.365 Thread 0x0000015b1decb760 Exception <a 'java/lang/reflect/InvocationTargetException'{0x000000069a8438a0}> (0x000000069a8438a0) 
thrown [s\open\src\hotspot\share\runtime\reflection.cpp, line 1121]
Event: 2260.365 Thread 0x0000015b1decb760 Exception <a 'java/lang/reflect/InvocationTargetException'{0x000000069a8440c0}> (0x000000069a8440c0) 
thrown [s\open\src\hotspot\share\runtime\reflection.cpp, line 1121]

VM Operations (20 events):
Event: 2201.657 Executing VM operation: Cleanup done
Event: 2231.932 Executing VM operation: Cleanup
Event: 2231.932 Executing VM operation: Cleanup done
Event: 2243.124 Executing VM operation: G1CollectForAllocation
Event: 2243.131 Executing VM operation: G1CollectForAllocation done
Event: 2244.142 Executing VM operation: Cleanup
Event: 2244.142 Executing VM operation: Cleanup done
Event: 2260.352 Executing VM operation: G1TryInitiateConcMark
Event: 2260.358 Executing VM operation: G1TryInitiateConcMark done
Event: 2260.359 Executing VM operation: G1TryInitiateConcMark
Event: 2260.363 Executing VM operation: G1TryInitiateConcMark done
Event: 2261.366 Executing VM operation: Cleanup
Event: 2261.367 Executing VM operation: Cleanup done
Event: 2310.884 Executing VM operation: G1TryInitiateConcMark
Event: 2310.887 Executing VM operation: G1TryInitiateConcMark done
Event: 2310.890 Executing VM operation: G1TryInitiateConcMark
Event: 2310.893 Executing VM operation: G1TryInitiateConcMark done
Event: 2310.896 Executing VM operation: G1TryInitiateConcMark
Event: 2310.897 Executing VM operation: G1TryInitiateConcMark done
Event: 2310.900 Executing VM operation: G1TryInitiateConcMark

Events (20 events):
Event: 2086.680 Thread 0x0000015b1e202790 Thread added: 0x0000015b1e202790
Event: 2086.684 loading class sun/net/www/protocol/http/HttpURLConnection$StreamingOutputStream
Event: 2086.685 loading class sun/net/www/protocol/http/HttpURLConnection$StreamingOutputStream done
Event: 2091.692 Thread 0x0000015b1e202790 Thread exited: 0x0000015b1e202790
Event: 2096.707 Thread 0x0000015b1e203990 Thread exited: 0x0000015b1e203990
Event: 2132.326 Thread 0x0000015b17231b10 Thread exited: 0x0000015b17231b10
Event: 2148.386 loading class sun/net/ConnectionResetException
Event: 2148.386 loading class sun/net/ConnectionResetException done
Event: 2148.388 loading class java/util/concurrent/atomic/Striped64$Cell
Event: 2148.388 loading class java/util/concurrent/atomic/Striped64$Cell done
Event: 2148.389 Thread 0x0000015b1e2ffc00 Thread added: 0x0000015b1e2ffc00
Event: 2148.389 Thread 0x0000015b1e300110 Thread added: 0x0000015b1e300110
Event: 2153.397 Thread 0x0000015b1e300110 Thread exited: 0x0000015b1e300110
Event: 2153.397 Thread 0x0000015b1e2ffc00 Thread exited: 0x0000015b1e2ffc00
Event: 2194.338 Thread 0x0000015b172337f0 Thread added: 0x0000015b172337f0
Event: 2243.110 Thread 0x0000015b1e4dce00 Thread added: 0x0000015b1e4dce00
Event: 2248.151 Thread 0x0000015b1e4dce00 Thread exited: 0x0000015b1e4dce00
Event: 2260.364 loading class sun/net/util/SocketExceptions
Event: 2260.364 loading class sun/net/util/SocketExceptions done
Event: 2304.491 Thread 0x0000015b172337f0 Thread exited: 0x0000015b172337f0


Dynamic libraries:
0x00007ff69d580000 - 0x00007ff69d590000 	C:\Program Files\Java\jdk-17\bin\javaw.exe
0x00007ffb04b50000 - 0x00007ffb04d48000 	C:\Windows\SYSTEM32\ntdll.dll
0x00007ffb02ce0000 - 0x00007ffb02d9f000 	C:\Windows\System32\KERNEL32.DLL
0x00007ffb026f0000 - 0x00007ffb029e6000 	C:\Windows\System32\KERNELBASE.dll
0x00007ffb025c0000 - 0x00007ffb026c0000 	C:\Windows\System32\ucrtbase.dll
0x00007ffaf1540000 - 0x00007ffaf155b000 	C:\Program Files\Java\jdk-17\bin\VCRUNTIME140.dll
0x00007ffaebe30000 - 0x00007ffaebe49000 	C:\Program Files\Java\jdk-17\bin\jli.dll
0x00007ffb02f80000 - 0x00007ffb0302f000 	C:\Windows\System32\ADVAPI32.dll
0x00007ffb02bc0000 - 0x00007ffb02c5e000 	C:\Windows\System32\msvcrt.dll
0x00007ffb03e10000 - 0x00007ffb03eac000 	C:\Windows\System32\sechost.dll
0x00007ffb03bb0000 - 0x00007ffb03cd6000 	C:\Windows\System32\RPCRT4.dll
0x00007ffb03ec0000 - 0x00007ffb0405d000 	C:\Windows\System32\USER32.dll
0x00007ffb026c0000 - 0x00007ffb026e2000 	C:\Windows\System32\win32u.dll
0x00007ffb03b80000 - 0x00007ffb03bac000 	C:\Windows\System32\GDI32.dll
0x00007ffb02230000 - 0x00007ffb02345000 	C:\Windows\System32\gdi32full.dll
0x00007ffb029f0000 - 0x00007ffb02a8d000 	C:\Windows\System32\msvcp_win.dll
0x00007ffaed6e0000 - 0x00007ffaed97a000 	C:\Windows\WinSxS\amd64_microsoft.windows.common-controls_6595b64144ccf1df_6.0.19041.1110_none_60b5254171f9507e\COMCTL32.dll
0x00007ffafa100000 - 0x00007ffafa10a000 	C:\Windows\SYSTEM32\VERSION.dll
0x00007ffb04ae0000 - 0x00007ffb04b10000 	C:\Windows\System32\IMM32.DLL
0x00007ffaebe20000 - 0x00007ffaebe2c000 	C:\Program Files\Java\jdk-17\bin\vcruntime140_1.dll
0x00007ffac9dd0000 - 0x00007ffac9e5e000 	C:\Program Files\Java\jdk-17\bin\msvcp140.dll
0x00007ffa9dbe0000 - 0x00007ffa9e7bd000 	C:\Program Files\Java\jdk-17\bin\server\jvm.dll
0x00007ffb03eb0000 - 0x00007ffb03eb8000 	C:\Windows\System32\PSAPI.DLL
0x00007ffae8060000 - 0x00007ffae8069000 	C:\Windows\SYSTEM32\WSOCK32.dll
0x00007ffaeb390000 - 0x00007ffaeb3b7000 	C:\Windows\SYSTEM32\WINMM.dll
0x00007ffb04a70000 - 0x00007ffb04adb000 	C:\Windows\System32\WS2_32.dll
0x00007ffb000b0000 - 0x00007ffb000c2000 	C:\Windows\SYSTEM32\kernel.appcore.dll
0x00007ffae7a30000 - 0x00007ffae7a3a000 	C:\Program Files\Java\jdk-17\bin\jimage.dll
0x00007ffaed4d0000 - 0x00007ffaed6b4000 	C:\Windows\SYSTEM32\DBGHELP.DLL
0x00007ffaed490000 - 0x00007ffaed4c4000 	C:\Windows\SYSTEM32\dbgcore.DLL
0x00007ffb02530000 - 0x00007ffb025b2000 	C:\Windows\System32\bcryptPrimitives.dll
0x00007ffad9840000 - 0x00007ffad9865000 	C:\Program Files\Java\jdk-17\bin\java.dll
0x00007ffabcca0000 - 0x00007ffabcd77000 	C:\Program Files\Java\jdk-17\bin\jsvml.dll
0x00007ffb040c0000 - 0x00007ffb04804000 	C:\Windows\System32\SHELL32.dll
0x00007ffb002b0000 - 0x00007ffb00a43000 	C:\Windows\SYSTEM32\windows.storage.dll
0x00007ffb03090000 - 0x00007ffb033e4000 	C:\Windows\System32\combase.dll
0x00007ffb01bb0000 - 0x00007ffb01bde000 	C:\Windows\SYSTEM32\Wldp.dll
0x00007ffb02da0000 - 0x00007ffb02e4d000 	C:\Windows\System32\SHCORE.dll
0x00007ffb03db0000 - 0x00007ffb03e05000 	C:\Windows\System32\shlwapi.dll
0x00007ffb02170000 - 0x00007ffb0218f000 	C:\Windows\SYSTEM32\profapi.dll
0x00007ffae7a10000 - 0x00007ffae7a29000 	C:\Program Files\Java\jdk-17\bin\net.dll
0x00007ffafcee0000 - 0x00007ffafcfea000 	C:\Windows\SYSTEM32\WINHTTP.dll
0x00007ffb01990000 - 0x00007ffb019fa000 	C:\Windows\system32\mswsock.dll
0x00007ffad9820000 - 0x00007ffad9836000 	C:\Program Files\Java\jdk-17\bin\nio.dll
0x00007ffad90b0000 - 0x00007ffad90c8000 	C:\Program Files\Java\jdk-17\bin\zip.dll
0x00007ffad9ed0000 - 0x00007ffad9eda000 	C:\Program Files\Java\jdk-17\bin\management.dll
0x00007ffad90a0000 - 0x00007ffad90ab000 	C:\Program Files\Java\jdk-17\bin\management_ext.dll
0x00007ffad8dd0000 - 0x00007ffad8de7000 	C:\Windows\system32\napinsp.dll
0x00007ffad8e00000 - 0x00007ffad8e1b000 	C:\Windows\system32\pnrpnsp.dll
0x00007ffafcd60000 - 0x00007ffafcd75000 	C:\Windows\system32\wshbth.dll
0x00007ffafdf70000 - 0x00007ffafdf8d000 	C:\Windows\system32\NLAapi.dll
0x00007ffb01650000 - 0x00007ffb0168c000 	C:\Windows\SYSTEM32\IPHLPAPI.DLL
0x00007ffb016a0000 - 0x00007ffb0176b000 	C:\Windows\SYSTEM32\DNSAPI.dll
0x00007ffb03940000 - 0x00007ffb03948000 	C:\Windows\System32\NSI.dll
0x00007ffad8db0000 - 0x00007ffad8dc2000 	C:\Windows\System32\winrnr.dll
0x000000006fc40000 - 0x000000006fc66000 	C:\Program Files\Bonjour\mdnsNSP.dll
0x00007ffafb310000 - 0x00007ffafb31a000 	C:\Windows\System32\rasadhlp.dll
0x00007ffafa2e0000 - 0x00007ffafa362000 	C:\Windows\System32\fwpuclnt.dll
0x00007ffb024b0000 - 0x00007ffb024d7000 	C:\Windows\System32\bcrypt.dll
0x00007ffb01bf0000 - 0x00007ffb01c08000 	C:\Windows\SYSTEM32\CRYPTSP.dll
0x00007ffb01260000 - 0x00007ffb01294000 	C:\Windows\system32\rsaenh.dll
0x00007ffb020f0000 - 0x00007ffb0211e000 	C:\Windows\SYSTEM32\USERENV.dll
0x00007ffb01b20000 - 0x00007ffb01b2c000 	C:\Windows\SYSTEM32\CRYPTBASE.dll
0x00007ffafbce0000 - 0x00007ffafbcf7000 	C:\Windows\SYSTEM32\dhcpcsvc6.DLL
0x00007ffafb500000 - 0x00007ffafb51d000 	C:\Windows\SYSTEM32\dhcpcsvc.DLL
0x00007ffafcd10000 - 0x00007ffafcd20000 	C:\Program Files\Java\jdk-17\bin\verify.dll
0x00007ffad8e80000 - 0x00007ffad8e8d000 	C:\Program Files\Java\jdk-17\bin\sunmscapi.dll
0x00007ffb02350000 - 0x00007ffb024ae000 	C:\Windows\System32\CRYPT32.dll
0x00007ffb01d00000 - 0x00007ffb01d28000 	C:\Windows\SYSTEM32\ncrypt.dll
0x00007ffb01cc0000 - 0x00007ffb01cfb000 	C:\Windows\SYSTEM32\NTASN1.dll
0x00007ffaec430000 - 0x00007ffaec437000 	C:\Windows\system32\wshunix.dll

dbghelp: loaded successfully - version: 4.0.5 - missing functions: none
symbol engine: initialized successfully - sym options: 0x614 - pdb path: .;C:\Program Files\Java\jdk-17\bin;C:\Windows\SYSTEM32;C:\Windows\WinSxS\amd64_microsoft.windows.common-controls_6595b64144ccf1df_6.0.19041.1110_none_60b5254171f9507e;C:\Program Files\Java\jdk-17\bin\server;C:\Program Files\Bonjour

VM Arguments:
jvm_args: -Dcom.sun.management.jmxremote -Dcom.sun.management.jmxremote.port=51668 -Dcom.sun.management.jmxremote.authenticate=false -Dcom.sun.management.jmxremote.ssl=false -Djava.rmi.server.hostname=localhost -Dspring.jmx.enabled=true -Dspring.application.admin.enabled=true -XX:TieredStopAtLevel=1 -Dspring.boot.project.name=candidate-service -Dfile.encoding=UTF-8 -XX:+ShowCodeDetailsInExceptionMessages 
java_command: kripton.candidateservice.CandidateServiceApplication --spring.output.ansi.enabled=always
java_class_path (initial): C:\Users\MUHAMED ALOUANI\Desktop\Année universitaire 2022-2023\KRIPTON-TALENT\kripton-talent\candidate-service\target\classes;C:\Users\MUHAMED ALOUANI\.m2\repository\org\springframework\boot\spring-boot-starter-data-jpa\3.0.4\spring-boot-starter-data-jpa-3.0.4.jar;C:\Users\MUHAMED ALOUANI\.m2\repository\org\springframework\boot\spring-boot-starter-aop\3.0.4\spring-boot-starter-aop-3.0.4.jar;C:\Users\MUHAMED ALOUANI\.m2\repository\org\springframework\spring-aop\6.0.6\spring-aop-6.0.6.jar;C:\Users\MUHAMED ALOUANI\.m2\repository\org\aspectj\aspectjweaver\1.9.19\aspectjweaver-1.9.19.jar;C:\Users\MUHAMED ALOUANI\.m2\repository\org\springframework\boot\spring-boot-starter-jdbc\3.0.4\spring-boot-starter-jdbc-3.0.4.jar;C:\Users\MUHAMED ALOUANI\.m2\repository\com\zaxxer\HikariCP\5.0.1\HikariCP-5.0.1.jar;C:\Users\MUHAMED ALOUANI\.m2\repository\org\hibernate\orm\hibernate-core\6.1.7.Final\hibernate-core-6.1.7.Final.jar;C:\Users\MUHAMED ALOUANI\.m2\repository\jakarta\persistence\jakarta.persistence-api\3.1.0\jakarta.persistence-api-3.1.0.jar;C:\Users\MUHAMED ALOUANI\.m2\repository\jakarta\transaction\jakarta.transaction-api\2.0.1\jakarta.transaction-api-2.0.1.jar;C:\Users\MUHAMED ALOUANI\.m2\repository\org\jboss\logging\jboss-logging\3.5.0.Final\jboss-logging-3.5.0.Final.jar;C:\Users\MUHAMED ALOUANI\.m2\repository\org\hibernate\common\hibernate-commons-annotations\6.0.6.Final\hibernate-commons-annotations-6.0.6.Final.jar;C:\Users\MUHAMED ALOUANI\.m2\repository\org\jboss\jandex\2.4.2.Final\jandex-2.4.2.Final.jar;C:\Users\MUHAMED ALOUANI\.m2\repository\com\fasterxml\classmate\1.5.1\classmate-1.5.1.jar;C:\Users\MUHAMED ALOUANI\.m2\repository\net\bytebuddy\byte-buddy\1.12.23\byte-buddy-1.12.23.jar;C:\Users\MUHAMED ALOUANI\.m2\repository\org\glassfish\jaxb\jaxb-runtime\4.0.2\jaxb-runtime-4.0.2.jar;C:\Users\MUHAMED ALOUANI\.m2\repository\org\glassfish\jaxb\jaxb-core\4.0.2\jaxb-core-4.0.2.jar;C:\Users\MUHAMED ALOUANI\.m2\repository\org\eclipse\angus\angus-
Launcher Type: SUN_STANDARD

[Global flags]
     intx CICompilerCount                          = 4                                         {product} {ergonomic}
     uint ConcGCThreads                            = 2                                         {product} {ergonomic}
     uint G1ConcRefinementThreads                  = 8                                         {product} {ergonomic}
   size_t G1HeapRegionSize                         = 4194304                                   {product} {ergonomic}
    uintx GCDrainStackTargetSize                   = 64                                        {product} {ergonomic}
   size_t InitialHeapSize                          = 402653184                                 {product} {ergonomic}
     bool ManagementServer                         = true                                      {product} {command line}
   size_t MarkStackSize                            = 4194304                                   {product} {ergonomic}
   size_t MaxHeapSize                              = 6396313600                                {product} {ergonomic}
   size_t MaxNewSize                               = 3837788160                                {product} {ergonomic}
   size_t MinHeapDeltaBytes                        = 4194304                                   {product} {ergonomic}
   size_t MinHeapSize                              = 8388608                                   {product} {ergonomic}
    uintx NonProfiledCodeHeapSize                  = 0                                      {pd product} {ergonomic}
     bool ProfileInterpreter                       = false                                  {pd product} {command line}
    uintx ProfiledCodeHeapSize                     = 0                                      {pd product} {ergonomic}
     bool ShowCodeDetailsInExceptionMessages       = true                                   {manageable} {command line}
   size_t SoftMaxHeapSize                          = 6396313600                             {manageable} {ergonomic}
     intx TieredStopAtLevel                        = 1                                         {product} {command line}
     bool UseCompressedClassPointers               = true                           {product lp64_product} {ergonomic}
     bool UseCompressedOops                        = true                           {product lp64_product} {ergonomic}
     bool UseG1GC                                  = true                                      {product} {ergonomic}
     bool UseLargePagesIndividualAllocation        = false                                  {pd product} {ergonomic}

Logging:
Log output configuration:
 #0: stdout all=warning uptime,level,tags
 #1: stderr all=off uptime,level,tags

Environment Variables:
JAVA_HOME=C:\Program Files\Java\jdk-11.0.11.9-hotspot
PATH=C:/Users/MUHAMED ALOUANI/Downloads/sts-4.11.0.RELEASE//plugins/org.eclipse.justj.openjdk.hotspot.jre.full.win32.x86_64_16.0.1.v20210528-1205/jre/bin/server;C:/Users/MUHAMED ALOUANI/Downloads/sts-4.11.0.RELEASE//plugins/org.eclipse.justj.openjdk.hotspot.jre.full.win32.x86_64_16.0.1.v20210528-1205/jre/bin;C:\Program Files\Java\jdk-11.0.14\bin;C:\Program Files\Common Files\Oracle\Java\javapath;C:\Program Files\Java\jdk1.8.0_31\bin;C:\Program Files\Java\jdk1.7.0_80\bin;C:\app\mal\product\12.2.0\dbhome_1\bin;C:\Program Files\AdoptOpenJDK\jdk-11.0.11.9-hotspot\bin;C:\Windows\system32;C:\Windows;C:\Windows\System32\Wbem;C:\Windows\System32\WindowsPowerShell\v1.0\;C:\Windows\System32\OpenSSH\;C:\Program Files (x86)\NVIDIA Corporation\PhysX\Common;C:\ProgramData\chocolatey\bin;C:\Program Files\Git\cmd;C:\xampp\php;C:\Program Files (x86)\Microsoft SQL Server\160\DTS\Binn\;C:\Program Files\Azure Data Studio\bin;C:\Program Files\Microsoft SQL Server\Client SDK\ODBC\170\Tools\Binn\;C:\Program Files (x86)\Microsoft SQL Server\150\Tools\Binn\;C:\Program Files\Microsoft SQL Server\150\Tools\Binn\;C:\Program Files\Microsoft SQL Server\150\DTS\Binn\;C:\Program Files (x86)\dotnet\;C:\Program Files\nodejs\;C:\Program Files\Docker\Docker\resources\bin;C:\Users\MUHAMED ALOUANI\AppData\Local\Programs\Python\Python39\Scripts\;C:\Users\MUHAMED ALOUANI\AppData\Local\Programs\Python\Python39\;C:\Users\MUHAMED ALOUANI\AppData\Local\Microsoft\WindowsApps;C:\Program Files\JetBrains\IntelliJ IDEA Community Edition 2020.3.2\bin;;C:\Users\MUHAMED ALOUANI\AppData\Local\Programs\Microsoft VS Code\bin;C:\Program Files\JetBrains\PhpStorm 2021.2.1\bin;;C:\Users\MUHAMED ALOUANI\AppData\Roaming\Composer\vendor\bin;C:\xampp\php;C:\Program Files\MongoDB\Server\5.0\bin;C:\Program Files\Java\jdk1.7.0_80\bin;C:\Program Files\Java\jdk1.8.0_31\bin;C:\Program Files\AdoptOpenJDK\jdk-11.0.11.9-hotspot\bin;C:\Python27;C:\Program Files\JetBrains\IntelliJ IDEA 2023.1.2\bin;;C:\Program Files\Azure Data Studio\bin;C:\
USERNAME=MUHAMED ALOUANI
OS=Windows_NT
PROCESSOR_IDENTIFIER=Intel64 Family 6 Model 165 Stepping 2, GenuineIntel



---------------  S Y S T E M  ---------------

OS:
 Windows 10 , 64 bit Build 19041 (10.0.19041.2913)
OS uptime: 0 days 1:14 hours
Hyper-V role detected

CPU: total 8 (initial active 8) (4 cores per cpu, 2 threads per core) family 6 model 165 stepping 2 microcode 0xe2, cx8, cmov, fxsr, ht, mmx, 3dnowpref, sse, sse2, sse3, ssse3, sse4.1, sse4.2, popcnt, lzcnt, tsc, tscinvbit, avx, avx2, aes, erms, clmul, bmi1, bmi2, adx, fma, vzeroupper, clflush, clflushopt, hv

Memory: 4k page, system-wide physical 24394M (1153M free)
TotalPageFile size 28442M (AvailPageFile size 169M)
current process WorkingSet (physical memory assigned to process): 359M, peak: 359M
current process commit charge ("private bytes"): 401M, peak: 621M

vm_info: Java HotSpot(TM) 64-Bit Server VM (17.0.7+8-LTS-224) for windows-amd64 JRE (17.0.7+8-LTS-224), built on Feb 28 2023 23:03:02 by "mach5one" with MS VC++ 17.1 (VS2022)

END.
