#
# There is insufficient memory for the Java Runtime Environment to continue.
# Native memory allocation (mmap) failed to map 65536 bytes for Failed to commit metaspace.
# Possible reasons:
#   The system is out of physical RAM or swap space
#   The process is running with CompressedOops enabled, and the Java Heap may be blocking the growth of the native heap
# Possible solutions:
#   Reduce memory load on the system
#   Increase physical memory or swap space
#   Check if swap backing store is full
#   Decrease Java heap size (-Xmx/-Xms)
#   Decrease number of Java threads
#   Decrease Java thread stack sizes (-Xss)
#   Set larger code cache with -XX:ReservedCodeCacheSize=
#   JVM is running with Zero Based Compressed Oops mode in which the Java heap is
#     placed in the first 32GB address space. The Java Heap base address is the
#     maximum limit for the native heap growth. Please use -XX:HeapBaseMinAddress
#     to set the Java Heap base and to place the Java Heap above 32GB virtual address.
# This output file may be truncated or incomplete.
#
#  Out of Memory Error (virtualSpaceNode.cpp:110), pid=10364, tid=4268
#
# JRE version: Java(TM) SE Runtime Environment (17.0.7+8) (build 17.0.7+8-LTS-224)
# Java VM: Java HotSpot(TM) 64-Bit Server VM (17.0.7+8-LTS-224, mixed mode, emulated-client, sharing, tiered, compressed oops, compressed class ptrs, g1 gc, windows-amd64)
# No core dump will be written. Minidumps are not enabled by default on client versions of Windows
#

---------------  S U M M A R Y ------------

Command Line: -Dcom.sun.management.jmxremote -Dcom.sun.management.jmxremote.port=53586 -Dcom.sun.management.jmxremote.authenticate=false -Dcom.sun.management.jmxremote.ssl=false -Djava.rmi.server.hostname=localhost -Dspring.jmx.enabled=true -Dspring.application.admin.enabled=true -XX:TieredStopAtLevel=1 -Dspring.boot.project.name=communication-service -Dfile.encoding=UTF-8 -XX:+ShowCodeDetailsInExceptionMessages kripton.communicationservice.CommunicationServiceApplication --spring.output.ansi.enabled=always

Host: Intel(R) Core(TM) i5-10300H CPU @ 2.50GHz, 8 cores, 23G,  Windows 10 , 64 bit Build 19041 (10.0.19041.2913)
Time: Sun May 28 13:34:30 2023 W. Central Africa Standard Time elapsed time: 1.209591 seconds (0d 0h 0m 1s)

---------------  T H R E A D  ---------------

Current thread (0x000001db8f846830):  JavaThread "background-preinit" [_thread_in_vm, id=4268, stack(0x0000006d98d00000,0x0000006d98e00000)]

Stack: [0x0000006d98d00000,0x0000006d98e00000]
Native frames: (J=compiled Java code, j=interpreted, Vv=VM code, C=native code)
V  [jvm.dll+0x676a4a]
V  [jvm.dll+0x7d74f4]
V  [jvm.dll+0x7d8c9e]
V  [jvm.dll+0x7d9303]
V  [jvm.dll+0x2452c5]
V  [jvm.dll+0x7d35fb]
V  [jvm.dll+0x61ca36]
V  [jvm.dll+0x1bfbf7]
V  [jvm.dll+0x61f390]
V  [jvm.dll+0x61d3f6]
V  [jvm.dll+0x369442]
V  [jvm.dll+0x1e157b]
V  [jvm.dll+0x53cf35]
V  [jvm.dll+0x752158]
V  [jvm.dll+0x752244]
V  [jvm.dll+0x40b12f]
V  [jvm.dll+0x411149]
C  [java.dll+0x17ec]

Java frames: (J=compiled Java code, j=interpreted, Vv=VM code)
J 1344  java.lang.ClassLoader.defineClass1(Ljava/lang/ClassLoader;Ljava/lang/String;[BIILjava/security/ProtectionDomain;Ljava/lang/String;)Ljava/lang/Class; java.base@17.0.7 (0 bytes) @ 0x000001dbfa92dfe3 [0x000001dbfa92df20+0x00000000000000c3]
J 1462 c1 java.lang.ClassLoader.defineClass(Ljava/lang/String;[BIILjava/security/ProtectionDomain;)Ljava/lang/Class; java.base@17.0.7 (43 bytes) @ 0x000001dbfa963d6c [0x000001dbfa963c60+0x000000000000010c]
J 1379 c1 jdk.internal.loader.BuiltinClassLoader.defineClass(Ljava/lang/String;Ljdk/internal/loader/Resource;)Ljava/lang/Class; java.base@17.0.7 (121 bytes) @ 0x000001dbfa9416f4 [0x000001dbfa941220+0x00000000000004d4]
J 1367 c1 jdk.internal.loader.BuiltinClassLoader.findClassOnClassPathOrNull(Ljava/lang/String;)Ljava/lang/Class; java.base@17.0.7 (64 bytes) @ 0x000001dbfa93d9c4 [0x000001dbfa93d700+0x00000000000002c4]
J 1220 c1 jdk.internal.loader.BuiltinClassLoader.loadClassOrNull(Ljava/lang/String;Z)Ljava/lang/Class; java.base@17.0.7 (143 bytes) @ 0x000001dbfa8fa884 [0x000001dbfa8fa400+0x0000000000000484]
J 1277 c1 jdk.internal.loader.ClassLoaders$AppClassLoader.loadClass(Ljava/lang/String;Z)Ljava/lang/Class; java.base@17.0.7 (40 bytes) @ 0x000001dbfa918bac [0x000001dbfa918a60+0x000000000000014c]
J 1274 c1 java.lang.ClassLoader.loadClass(Ljava/lang/String;)Ljava/lang/Class; java.base@17.0.7 (7 bytes) @ 0x000001dbfa917ce4 [0x000001dbfa917ca0+0x0000000000000044]
v  ~StubRoutines::call_stub
j  com.fasterxml.jackson.datatype.jdk8.Jdk8Module.setupModule(Lcom/fasterxml/jackson/databind/Module$SetupContext;)V+14
j  com.fasterxml.jackson.databind.ObjectMapper.registerModule(Lcom/fasterxml/jackson/databind/Module;)Lcom/fasterxml/jackson/databind/ObjectMapper;+152
j  com.fasterxml.jackson.databind.ObjectMapper.registerModules(Ljava/lang/Iterable;)Lcom/fasterxml/jackson/databind/ObjectMapper;+35
j  org.springframework.http.converter.json.Jackson2ObjectMapperBuilder.configure(Lcom/fasterxml/jackson/databind/ObjectMapper;)V+187
j  org.springframework.http.converter.json.Jackson2ObjectMapperBuilder.build()Lcom/fasterxml/jackson/databind/ObjectMapper;+87
j  org.springframework.http.converter.json.MappingJackson2HttpMessageConverter.<init>()V+4
j  org.springframework.http.converter.support.AllEncompassingFormHttpMessageConverter.<init>()V+55
j  org.springframework.boot.autoconfigure.BackgroundPreinitializer$MessageConverterInitializer.run()V+4
j  org.springframework.boot.autoconfigure.BackgroundPreinitializer$1.runSafely(Ljava/lang/Runnable;)Z+1
j  org.springframework.boot.autoconfigure.BackgroundPreinitializer$1.run()V+32
j  java.lang.Thread.run()V+11 java.base@17.0.7
v  ~StubRoutines::call_stub

---------------  P R O C E S S  ---------------

Threads class SMR info:
_java_thread_list=0x000001db901e8d20, length=24, elements={
0x000001dbf0cbe170, 0x000001db8e39f760, 0x000001db8e3a04e0, 0x000001db8e3b1f30,
0x000001db8e3b29f0, 0x000001db8e3b34b0, 0x000001db8e3b5d80, 0x000001db8e3b9bf0,
0x000001db8e3c2500, 0x000001db8e3896c0, 0x000001db8e389d60, 0x000001db8edd92d0,
0x000001db8ee15320, 0x000001db8f4656f0, 0x000001db8f455410, 0x000001db8f4eee00,
0x000001db8f4f02f0, 0x000001db8f51c5b0, 0x000001db8f543f70, 0x000001db8f828f60,
0x000001db8f8459c0, 0x000001db8f846360, 0x000001db8f846830, 0x000001db90242a60
}

Java Threads: ( => current thread )
  0x000001dbf0cbe170 JavaThread "main" [_thread_in_vm, id=10628, stack(0x0000006d96800000,0x0000006d96900000)]
  0x000001db8e39f760 JavaThread "Reference Handler" daemon [_thread_blocked, id=432, stack(0x0000006d96f00000,0x0000006d97000000)]
  0x000001db8e3a04e0 JavaThread "Finalizer" daemon [_thread_blocked, id=16964, stack(0x0000006d97000000,0x0000006d97100000)]
  0x000001db8e3b1f30 JavaThread "Signal Dispatcher" daemon [_thread_blocked, id=16984, stack(0x0000006d97100000,0x0000006d97200000)]
  0x000001db8e3b29f0 JavaThread "Attach Listener" daemon [_thread_blocked, id=1580, stack(0x0000006d97200000,0x0000006d97300000)]
  0x000001db8e3b34b0 JavaThread "Service Thread" daemon [_thread_blocked, id=10008, stack(0x0000006d97300000,0x0000006d97400000)]
  0x000001db8e3b5d80 JavaThread "Monitor Deflation Thread" daemon [_thread_blocked, id=1040, stack(0x0000006d97400000,0x0000006d97500000)]
  0x000001db8e3b9bf0 JavaThread "C1 CompilerThread0" daemon [_thread_blocked, id=4252, stack(0x0000006d97500000,0x0000006d97600000)]
  0x000001db8e3c2500 JavaThread "Sweeper thread" daemon [_thread_blocked, id=17576, stack(0x0000006d97600000,0x0000006d97700000)]
  0x000001db8e3896c0 JavaThread "Common-Cleaner" daemon [_thread_blocked, id=9476, stack(0x0000006d97700000,0x0000006d97800000)]
  0x000001db8e389d60 JavaThread "C1 CompilerThread1" daemon [_thread_blocked, id=19052, stack(0x0000006d97800000,0x0000006d97900000)]
  0x000001db8edd92d0 JavaThread "C1 CompilerThread2" daemon [_thread_blocked, id=15376, stack(0x0000006d97900000,0x0000006d97a00000)]
  0x000001db8ee15320 JavaThread "Notification Thread" daemon [_thread_blocked, id=16440, stack(0x0000006d97a00000,0x0000006d97b00000)]
  0x000001db8f4656f0 JavaThread "RMI TCP Accept-0" daemon [_thread_in_native, id=5196, stack(0x0000006d97b00000,0x0000006d97c00000)]
  0x000001db8f455410 JavaThread "RMI TCP Accept-0" daemon [_thread_in_native, id=17504, stack(0x0000006d97c00000,0x0000006d97d00000)]
  0x000001db8f4eee00 JavaThread "RMI TCP Accept-53586" daemon [_thread_in_native, id=8084, stack(0x0000006d97d00000,0x0000006d97e00000)]
  0x000001db8f4f02f0 JavaThread "RMI TCP Connection(1)-127.0.0.1" daemon [_thread_in_native, id=12344, stack(0x0000006d97e00000,0x0000006d97f00000)]
  0x000001db8f51c5b0 JavaThread "RMI Scheduler(0)" daemon [_thread_blocked, id=9584, stack(0x0000006d98000000,0x0000006d98100000)]
  0x000001db8f543f70 JavaThread "JMX server connection timeout 21" daemon [_thread_blocked, id=19224, stack(0x0000006d98100000,0x0000006d98200000)]
  0x000001db8f828f60 JavaThread "RMI TCP Connection(2)-127.0.0.1" daemon [_thread_in_native, id=16204, stack(0x0000006d98a00000,0x0000006d98b00000)]
  0x000001db8f8459c0 JavaThread "RMI TCP Connection(3)-127.0.0.1" daemon [_thread_in_native, id=16272, stack(0x0000006d98b00000,0x0000006d98c00000)]
  0x000001db8f846360 JavaThread "JMX server connection timeout 24" daemon [_thread_blocked, id=17428, stack(0x0000006d98c00000,0x0000006d98d00000)]
=>0x000001db8f846830 JavaThread "background-preinit" [_thread_in_vm, id=4268, stack(0x0000006d98d00000,0x0000006d98e00000)]
  0x000001db90242a60 JavaThread "C1 CompilerThread3" daemon [_thread_blocked, id=7412, stack(0x0000006d98e00000,0x0000006d98f00000)]

Other Threads:
  0x000001db8e399850 VMThread "VM Thread" [stack: 0x0000006d96e00000,0x0000006d96f00000] [id=17120]
  0x000001dbf2d49f20 WatcherThread [stack: 0x0000006d97f00000,0x0000006d98000000] [id=13108]
  0x000001dbf2d2fe90 GCTaskThread "GC Thread#0" [stack: 0x0000006d96900000,0x0000006d96a00000] [id=2864]
  0x000001db8f582c90 GCTaskThread "GC Thread#1" [stack: 0x0000006d98200000,0x0000006d98300000] [id=15600]
  0x000001db8f582f40 GCTaskThread "GC Thread#2" [stack: 0x0000006d98300000,0x0000006d98400000] [id=19304]
  0x000001db8f5831f0 GCTaskThread "GC Thread#3" [stack: 0x0000006d98400000,0x0000006d98500000] [id=9324]
  0x000001db8f5834a0 GCTaskThread "GC Thread#4" [stack: 0x0000006d98500000,0x0000006d98600000] [id=16356]
  0x000001db8f584370 GCTaskThread "GC Thread#5" [stack: 0x0000006d98600000,0x0000006d98700000] [id=16824]
  0x000001db8f584620 GCTaskThread "GC Thread#6" [stack: 0x0000006d98700000,0x0000006d98800000] [id=1348]
  0x000001db8f58d4f0 GCTaskThread "GC Thread#7" [stack: 0x0000006d98800000,0x0000006d98900000] [id=18124]
  0x000001dbf2d3e320 ConcurrentGCThread "G1 Main Marker" [stack: 0x0000006d96a00000,0x0000006d96b00000] [id=9380]
  0x000001dbf2d3ec40 ConcurrentGCThread "G1 Conc#0" [stack: 0x0000006d96b00000,0x0000006d96c00000] [id=16352]
  0x000001db8e253590 ConcurrentGCThread "G1 Refine#0" [stack: 0x0000006d96c00000,0x0000006d96d00000] [id=19180]
  0x000001db8f5b7900 ConcurrentGCThread "G1 Refine#1" [stack: 0x0000006d98900000,0x0000006d98a00000] [id=6652]
  0x000001db8e253dc0 ConcurrentGCThread "G1 Service" [stack: 0x0000006d96d00000,0x0000006d96e00000] [id=10432]

Threads with active compile tasks:

VM state: not at safepoint (normal execution)

VM Mutex/Monitor currently owned by a thread:  ([mutex/lock_event])
[0x000001dbf2ca5260] Metaspace_lock - owner thread: 0x000001db8f846830

Heap address: 0x0000000682c00000, size: 6100 MB, Compressed Oops mode: Zero based, Oop shift amount: 3

CDS archive(s) mapped at: [0x0000000800000000-0x0000000800bd0000-0x0000000800bd0000), size 12386304, SharedBaseAddress: 0x0000000800000000, ArchiveRelocationMode: 0.
Compressed class space mapped at: 0x0000000800c00000-0x0000000840c00000, reserved size: 1073741824
Narrow klass base: 0x0000000800000000, Narrow klass shift: 0, Narrow klass range: 0x100000000

GC Precious Log:
 CPUs: 8 total, 8 available
 Memory: 24394M
 Large Page Support: Disabled
 NUMA Support: Disabled
 Compressed Oops: Enabled (Zero based)
 Heap Region Size: 4M
 Heap Min Capacity: 8M
 Heap Initial Capacity: 384M
 Heap Max Capacity: 6100M
 Pre-touch: Disabled
 Parallel Workers: 8
 Concurrent Workers: 2
 Concurrent Refinement Workers: 8
 Periodic GC: Disabled

Heap:
 garbage-first heap   total 393216K, used 19543K [0x0000000682c00000, 0x0000000800000000)
  region size 4096K, 4 young (16384K), 1 survivors (4096K)
 Metaspace       used 17952K, committed 18304K, reserved 1064960K
  class space    used 2421K, committed 2560K, reserved 1048576K

Heap Regions: E=young(eden), S=young(survivor), O=old, HS=humongous(starts), HC=humongous(continues), CS=collection set, F=free, OA=open archive, CA=closed archive, TAMS=top-at-mark-start (previous, next)
|   0|0x0000000682c00000, 0x0000000683000000, 0x0000000683000000|100%| O|  |TAMS 0x0000000682c00000, 0x0000000682c00000| Untracked 
|   1|0x0000000683000000, 0x0000000683360600, 0x0000000683400000| 84%| O|  |TAMS 0x0000000683000000, 0x0000000683000000| Untracked 
|   2|0x0000000683400000, 0x0000000683400000, 0x0000000683800000|  0%| F|  |TAMS 0x0000000683400000, 0x0000000683400000| Untracked 
|   3|0x0000000683800000, 0x0000000683800000, 0x0000000683c00000|  0%| F|  |TAMS 0x0000000683800000, 0x0000000683800000| Untracked 
|   4|0x0000000683c00000, 0x0000000683c00000, 0x0000000684000000|  0%| F|  |TAMS 0x0000000683c00000, 0x0000000683c00000| Untracked 
|   5|0x0000000684000000, 0x0000000684000000, 0x0000000684400000|  0%| F|  |TAMS 0x0000000684000000, 0x0000000684000000| Untracked 
|   6|0x0000000684400000, 0x0000000684400000, 0x0000000684800000|  0%| F|  |TAMS 0x0000000684400000, 0x0000000684400000| Untracked 
|   7|0x0000000684800000, 0x0000000684800000, 0x0000000684c00000|  0%| F|  |TAMS 0x0000000684800000, 0x0000000684800000| Untracked 
|   8|0x0000000684c00000, 0x0000000684c00000, 0x0000000685000000|  0%| F|  |TAMS 0x0000000684c00000, 0x0000000684c00000| Untracked 
|   9|0x0000000685000000, 0x0000000685000000, 0x0000000685400000|  0%| F|  |TAMS 0x0000000685000000, 0x0000000685000000| Untracked 
|  10|0x0000000685400000, 0x0000000685400000, 0x0000000685800000|  0%| F|  |TAMS 0x0000000685400000, 0x0000000685400000| Untracked 
|  11|0x0000000685800000, 0x0000000685800000, 0x0000000685c00000|  0%| F|  |TAMS 0x0000000685800000, 0x0000000685800000| Untracked 
|  12|0x0000000685c00000, 0x0000000685c00000, 0x0000000686000000|  0%| F|  |TAMS 0x0000000685c00000, 0x0000000685c00000| Untracked 
|  13|0x0000000686000000, 0x0000000686000000, 0x0000000686400000|  0%| F|  |TAMS 0x0000000686000000, 0x0000000686000000| Untracked 
|  14|0x0000000686400000, 0x0000000686400000, 0x0000000686800000|  0%| F|  |TAMS 0x0000000686400000, 0x0000000686400000| Untracked 
|  15|0x0000000686800000, 0x0000000686800000, 0x0000000686c00000|  0%| F|  |TAMS 0x0000000686800000, 0x0000000686800000| Untracked 
|  16|0x0000000686c00000, 0x0000000686c00000, 0x0000000687000000|  0%| F|  |TAMS 0x0000000686c00000, 0x0000000686c00000| Untracked 
|  17|0x0000000687000000, 0x0000000687000000, 0x0000000687400000|  0%| F|  |TAMS 0x0000000687000000, 0x0000000687000000| Untracked 
|  18|0x0000000687400000, 0x0000000687400000, 0x0000000687800000|  0%| F|  |TAMS 0x0000000687400000, 0x0000000687400000| Untracked 
|  19|0x0000000687800000, 0x0000000687800000, 0x0000000687c00000|  0%| F|  |TAMS 0x0000000687800000, 0x0000000687800000| Untracked 
|  20|0x0000000687c00000, 0x0000000687c00000, 0x0000000688000000|  0%| F|  |TAMS 0x0000000687c00000, 0x0000000687c00000| Untracked 
|  21|0x0000000688000000, 0x0000000688000000, 0x0000000688400000|  0%| F|  |TAMS 0x0000000688000000, 0x0000000688000000| Untracked 
|  22|0x0000000688400000, 0x0000000688400000, 0x0000000688800000|  0%| F|  |TAMS 0x0000000688400000, 0x0000000688400000| Untracked 
|  23|0x0000000688800000, 0x0000000688800000, 0x0000000688c00000|  0%| F|  |TAMS 0x0000000688800000, 0x0000000688800000| Untracked 
|  24|0x0000000688c00000, 0x0000000688c00000, 0x0000000689000000|  0%| F|  |TAMS 0x0000000688c00000, 0x0000000688c00000| Untracked 
|  25|0x0000000689000000, 0x0000000689000000, 0x0000000689400000|  0%| F|  |TAMS 0x0000000689000000, 0x0000000689000000| Untracked 
|  26|0x0000000689400000, 0x0000000689400000, 0x0000000689800000|  0%| F|  |TAMS 0x0000000689400000, 0x0000000689400000| Untracked 
|  27|0x0000000689800000, 0x0000000689800000, 0x0000000689c00000|  0%| F|  |TAMS 0x0000000689800000, 0x0000000689800000| Untracked 
|  28|0x0000000689c00000, 0x0000000689c00000, 0x000000068a000000|  0%| F|  |TAMS 0x0000000689c00000, 0x0000000689c00000| Untracked 
|  29|0x000000068a000000, 0x000000068a000000, 0x000000068a400000|  0%| F|  |TAMS 0x000000068a000000, 0x000000068a000000| Untracked 
|  30|0x000000068a400000, 0x000000068a400000, 0x000000068a800000|  0%| F|  |TAMS 0x000000068a400000, 0x000000068a400000| Untracked 
|  31|0x000000068a800000, 0x000000068a800000, 0x000000068ac00000|  0%| F|  |TAMS 0x000000068a800000, 0x000000068a800000| Untracked 
|  32|0x000000068ac00000, 0x000000068ac00000, 0x000000068b000000|  0%| F|  |TAMS 0x000000068ac00000, 0x000000068ac00000| Untracked 
|  33|0x000000068b000000, 0x000000068b000000, 0x000000068b400000|  0%| F|  |TAMS 0x000000068b000000, 0x000000068b000000| Untracked 
|  34|0x000000068b400000, 0x000000068b400000, 0x000000068b800000|  0%| F|  |TAMS 0x000000068b400000, 0x000000068b400000| Untracked 
|  35|0x000000068b800000, 0x000000068b800000, 0x000000068bc00000|  0%| F|  |TAMS 0x000000068b800000, 0x000000068b800000| Untracked 
|  36|0x000000068bc00000, 0x000000068bc00000, 0x000000068c000000|  0%| F|  |TAMS 0x000000068bc00000, 0x000000068bc00000| Untracked 
|  37|0x000000068c000000, 0x000000068c000000, 0x000000068c400000|  0%| F|  |TAMS 0x000000068c000000, 0x000000068c000000| Untracked 
|  38|0x000000068c400000, 0x000000068c400000, 0x000000068c800000|  0%| F|  |TAMS 0x000000068c400000, 0x000000068c400000| Untracked 
|  39|0x000000068c800000, 0x000000068c800000, 0x000000068cc00000|  0%| F|  |TAMS 0x000000068c800000, 0x000000068c800000| Untracked 
|  40|0x000000068cc00000, 0x000000068cc00000, 0x000000068d000000|  0%| F|  |TAMS 0x000000068cc00000, 0x000000068cc00000| Untracked 
|  41|0x000000068d000000, 0x000000068d000000, 0x000000068d400000|  0%| F|  |TAMS 0x000000068d000000, 0x000000068d000000| Untracked 
|  42|0x000000068d400000, 0x000000068d400000, 0x000000068d800000|  0%| F|  |TAMS 0x000000068d400000, 0x000000068d400000| Untracked 
|  43|0x000000068d800000, 0x000000068d800000, 0x000000068dc00000|  0%| F|  |TAMS 0x000000068d800000, 0x000000068d800000| Untracked 
|  44|0x000000068dc00000, 0x000000068dc00000, 0x000000068e000000|  0%| F|  |TAMS 0x000000068dc00000, 0x000000068dc00000| Untracked 
|  45|0x000000068e000000, 0x000000068e000000, 0x000000068e400000|  0%| F|  |TAMS 0x000000068e000000, 0x000000068e000000| Untracked 
|  46|0x000000068e400000, 0x000000068e400000, 0x000000068e800000|  0%| F|  |TAMS 0x000000068e400000, 0x000000068e400000| Untracked 
|  47|0x000000068e800000, 0x000000068e800000, 0x000000068ec00000|  0%| F|  |TAMS 0x000000068e800000, 0x000000068e800000| Untracked 
|  48|0x000000068ec00000, 0x000000068ec00000, 0x000000068f000000|  0%| F|  |TAMS 0x000000068ec00000, 0x000000068ec00000| Untracked 
|  49|0x000000068f000000, 0x000000068f000000, 0x000000068f400000|  0%| F|  |TAMS 0x000000068f000000, 0x000000068f000000| Untracked 
|  50|0x000000068f400000, 0x000000068f400000, 0x000000068f800000|  0%| F|  |TAMS 0x000000068f400000, 0x000000068f400000| Untracked 
|  51|0x000000068f800000, 0x000000068f800000, 0x000000068fc00000|  0%| F|  |TAMS 0x000000068f800000, 0x000000068f800000| Untracked 
|  52|0x000000068fc00000, 0x000000068fc00000, 0x0000000690000000|  0%| F|  |TAMS 0x000000068fc00000, 0x000000068fc00000| Untracked 
|  53|0x0000000690000000, 0x0000000690000000, 0x0000000690400000|  0%| F|  |TAMS 0x0000000690000000, 0x0000000690000000| Untracked 
|  54|0x0000000690400000, 0x0000000690400000, 0x0000000690800000|  0%| F|  |TAMS 0x0000000690400000, 0x0000000690400000| Untracked 
|  55|0x0000000690800000, 0x0000000690800000, 0x0000000690c00000|  0%| F|  |TAMS 0x0000000690800000, 0x0000000690800000| Untracked 
|  56|0x0000000690c00000, 0x0000000690c00000, 0x0000000691000000|  0%| F|  |TAMS 0x0000000690c00000, 0x0000000690c00000| Untracked 
|  57|0x0000000691000000, 0x0000000691000000, 0x0000000691400000|  0%| F|  |TAMS 0x0000000691000000, 0x0000000691000000| Untracked 
|  58|0x0000000691400000, 0x0000000691400000, 0x0000000691800000|  0%| F|  |TAMS 0x0000000691400000, 0x0000000691400000| Untracked 
|  59|0x0000000691800000, 0x0000000691800000, 0x0000000691c00000|  0%| F|  |TAMS 0x0000000691800000, 0x0000000691800000| Untracked 
|  60|0x0000000691c00000, 0x0000000691c00000, 0x0000000692000000|  0%| F|  |TAMS 0x0000000691c00000, 0x0000000691c00000| Untracked 
|  61|0x0000000692000000, 0x0000000692000000, 0x0000000692400000|  0%| F|  |TAMS 0x0000000692000000, 0x0000000692000000| Untracked 
|  62|0x0000000692400000, 0x0000000692400000, 0x0000000692800000|  0%| F|  |TAMS 0x0000000692400000, 0x0000000692400000| Untracked 
|  63|0x0000000692800000, 0x0000000692800000, 0x0000000692c00000|  0%| F|  |TAMS 0x0000000692800000, 0x0000000692800000| Untracked 
|  64|0x0000000692c00000, 0x0000000692c00000, 0x0000000693000000|  0%| F|  |TAMS 0x0000000692c00000, 0x0000000692c00000| Untracked 
|  65|0x0000000693000000, 0x0000000693000000, 0x0000000693400000|  0%| F|  |TAMS 0x0000000693000000, 0x0000000693000000| Untracked 
|  66|0x0000000693400000, 0x0000000693400000, 0x0000000693800000|  0%| F|  |TAMS 0x0000000693400000, 0x0000000693400000| Untracked 
|  67|0x0000000693800000, 0x0000000693800000, 0x0000000693c00000|  0%| F|  |TAMS 0x0000000693800000, 0x0000000693800000| Untracked 
|  68|0x0000000693c00000, 0x0000000693c00000, 0x0000000694000000|  0%| F|  |TAMS 0x0000000693c00000, 0x0000000693c00000| Untracked 
|  69|0x0000000694000000, 0x0000000694000000, 0x0000000694400000|  0%| F|  |TAMS 0x0000000694000000, 0x0000000694000000| Untracked 
|  70|0x0000000694400000, 0x0000000694400000, 0x0000000694800000|  0%| F|  |TAMS 0x0000000694400000, 0x0000000694400000| Untracked 
|  71|0x0000000694800000, 0x0000000694800000, 0x0000000694c00000|  0%| F|  |TAMS 0x0000000694800000, 0x0000000694800000| Untracked 
|  72|0x0000000694c00000, 0x0000000694c00000, 0x0000000695000000|  0%| F|  |TAMS 0x0000000694c00000, 0x0000000694c00000| Untracked 
|  73|0x0000000695000000, 0x0000000695000000, 0x0000000695400000|  0%| F|  |TAMS 0x0000000695000000, 0x0000000695000000| Untracked 
|  74|0x0000000695400000, 0x0000000695400000, 0x0000000695800000|  0%| F|  |TAMS 0x0000000695400000, 0x0000000695400000| Untracked 
|  75|0x0000000695800000, 0x0000000695800000, 0x0000000695c00000|  0%| F|  |TAMS 0x0000000695800000, 0x0000000695800000| Untracked 
|  76|0x0000000695c00000, 0x0000000695c00000, 0x0000000696000000|  0%| F|  |TAMS 0x0000000695c00000, 0x0000000695c00000| Untracked 
|  77|0x0000000696000000, 0x0000000696000000, 0x0000000696400000|  0%| F|  |TAMS 0x0000000696000000, 0x0000000696000000| Untracked 
|  78|0x0000000696400000, 0x0000000696400000, 0x0000000696800000|  0%| F|  |TAMS 0x0000000696400000, 0x0000000696400000| Untracked 
|  79|0x0000000696800000, 0x0000000696800000, 0x0000000696c00000|  0%| F|  |TAMS 0x0000000696800000, 0x0000000696800000| Untracked 
|  80|0x0000000696c00000, 0x0000000696c00000, 0x0000000697000000|  0%| F|  |TAMS 0x0000000696c00000, 0x0000000696c00000| Untracked 
|  81|0x0000000697000000, 0x0000000697000000, 0x0000000697400000|  0%| F|  |TAMS 0x0000000697000000, 0x0000000697000000| Untracked 
|  82|0x0000000697400000, 0x0000000697400000, 0x0000000697800000|  0%| F|  |TAMS 0x0000000697400000, 0x0000000697400000| Untracked 
|  83|0x0000000697800000, 0x0000000697bb5950, 0x0000000697c00000| 92%| S|CS|TAMS 0x0000000697800000, 0x0000000697800000| Complete 
|  84|0x0000000697c00000, 0x0000000697c00000, 0x0000000698000000|  0%| F|  |TAMS 0x0000000697c00000, 0x0000000697c00000| Untracked 
|  85|0x0000000698000000, 0x0000000698000000, 0x0000000698400000|  0%| F|  |TAMS 0x0000000698000000, 0x0000000698000000| Untracked 
|  86|0x0000000698400000, 0x0000000698400000, 0x0000000698800000|  0%| F|  |TAMS 0x0000000698400000, 0x0000000698400000| Untracked 
|  87|0x0000000698800000, 0x0000000698800000, 0x0000000698c00000|  0%| F|  |TAMS 0x0000000698800000, 0x0000000698800000| Untracked 
|  88|0x0000000698c00000, 0x0000000698c00000, 0x0000000699000000|  0%| F|  |TAMS 0x0000000698c00000, 0x0000000698c00000| Untracked 
|  89|0x0000000699000000, 0x0000000699000000, 0x0000000699400000|  0%| F|  |TAMS 0x0000000699000000, 0x0000000699000000| Untracked 
|  90|0x0000000699400000, 0x0000000699400000, 0x0000000699800000|  0%| F|  |TAMS 0x0000000699400000, 0x0000000699400000| Untracked 
|  91|0x0000000699800000, 0x0000000699800000, 0x0000000699c00000|  0%| F|  |TAMS 0x0000000699800000, 0x0000000699800000| Untracked 
|  92|0x0000000699c00000, 0x0000000699c00000, 0x000000069a000000|  0%| F|  |TAMS 0x0000000699c00000, 0x0000000699c00000| Untracked 
|  93|0x000000069a000000, 0x000000069a0b96d8, 0x000000069a400000| 18%| E|  |TAMS 0x000000069a000000, 0x000000069a000000| Complete 
|  94|0x000000069a400000, 0x000000069a800000, 0x000000069a800000|100%| E|CS|TAMS 0x000000069a400000, 0x000000069a400000| Complete 
|  95|0x000000069a800000, 0x000000069ac00000, 0x000000069ac00000|100%| E|CS|TAMS 0x000000069a800000, 0x000000069a800000| Complete 

Card table byte_map: [0x000001dbfe230000,0x000001dbfee20000] _byte_map_base: 0x000001dbfae1a000

Marking Bits (Prev, Next): (CMBitMap*) 0x000001dbf2d313c0, (CMBitMap*) 0x000001dbf2d31400
 Prev Bits: [0x000001db80000000, 0x000001db85f50000)
 Next Bits: [0x000001db85f50000, 0x000001db8bea0000)

Polling page: 0x000001dbf2470000

Metaspace:

Usage:
  Non-class:     15.17 MB used.
      Class:      2.36 MB used.
       Both:     17.53 MB used.

Virtual space:
  Non-class space:       16.00 MB reserved,      15.38 MB ( 96%) committed,  2 nodes.
      Class space:        1.00 GB reserved,       2.50 MB ( <1%) committed,  1 nodes.
             Both:        1.02 GB reserved,      17.88 MB (  2%) committed. 

Chunk freelists:
   Non-Class:  240.00 KB
       Class:  1.36 MB
        Both:  1.59 MB

MaxMetaspaceSize: unlimited
CompressedClassSpaceSize: 1.00 GB
Initial GC threshold: 21.00 MB
Current GC threshold: 21.00 MB
CDS: on
MetaspaceReclaimPolicy: balanced
 - commit_granule_bytes: 65536.
 - commit_granule_words: 8192.
 - virtual_space_node_default_size: 1048576.
 - enlarge_chunks_in_place: 1.
 - new_chunks_are_fully_committed: 0.
 - uncommit_free_chunks: 1.
 - use_allocation_guard: 0.
 - handle_deallocations: 1.


Internal statistics:

num_allocs_failed_limit: 0.
num_arena_births: 330.
num_arena_deaths: 0.
num_vsnodes_births: 3.
num_vsnodes_deaths: 0.
num_space_committed: 286.
num_space_uncommitted: 0.
num_chunks_returned_to_freelist: 0.
num_chunks_taken_from_freelist: 900.
num_chunk_merges: 0.
num_chunk_splits: 601.
num_chunks_enlarged: 419.
num_purges: 0.
num_inconsistent_stats: 0.

CodeCache: size=49152Kb used=6501Kb max_used=6501Kb free=42650Kb
 bounds [0x000001dbfa520000, 0x000001dbfab80000, 0x000001dbfd520000]
 total_blobs=2946 nmethods=2462 adapters=407
 compilation: enabled
              stopped_count=0, restarted_count=0
 full_count=0

Compilation events (20 events):
Event: 1.205 Thread 0x000001db8e3b9bf0 2453   !   1       java.nio.charset.CharsetDecoder::decode (275 bytes)
Event: 1.205 Thread 0x000001db90242a60 2455       1       sun.nio.cs.UTF_8$Decoder::decodeArrayLoop (688 bytes)
Event: 1.205 Thread 0x000001db8e389d60 2454       1       sun.nio.cs.UTF_8$Decoder::decodeLoop (28 bytes)
Event: 1.205 Thread 0x000001db8edd92d0 2456       1       java.lang.System$2::decodeASCII (11 bytes)
Event: 1.206 Thread 0x000001db8edd92d0 nmethod 2456 0x000001dbfab73610 code [0x000001dbfab737a0, 0x000001dbfab73888]
Event: 1.206 Thread 0x000001db8edd92d0 2457       1       java.lang.String::decodeASCII (64 bytes)
Event: 1.206 Thread 0x000001db8e389d60 nmethod 2454 0x000001dbfab73910 code [0x000001dbfab73ac0, 0x000001dbfab73c58]
Event: 1.206 Thread 0x000001db8e389d60 2458       1       sun.nio.cs.UTF_8$Decoder::xflow (31 bytes)
Event: 1.206 Thread 0x000001db8edd92d0 nmethod 2457 0x000001dbfab73d90 code [0x000001dbfab73f40, 0x000001dbfab74198]
Event: 1.206 Thread 0x000001db8edd92d0 2459       1       sun.nio.cs.UTF_8::updatePositions (23 bytes)
Event: 1.206 Thread 0x000001db8edd92d0 nmethod 2459 0x000001dbfab74490 code [0x000001dbfab74660, 0x000001dbfab747b8]
Event: 1.206 Thread 0x000001db8edd92d0 2460       1       java.net.URLConnection::getUseCaches (5 bytes)
Event: 1.206 Thread 0x000001db8e389d60 nmethod 2458 0x000001dbfab74890 code [0x000001dbfab74a60, 0x000001dbfab74c38]
Event: 1.206 Thread 0x000001db8edd92d0 nmethod 2460 0x000001dbfab74d90 code [0x000001dbfab74f20, 0x000001dbfab74ff8]
Event: 1.206 Thread 0x000001db8e3b9bf0 nmethod 2453 0x000001dbfab75090 code [0x000001dbfab752c0, 0x000001dbfab758e8]
Event: 1.207 Thread 0x000001db8e3b9bf0 2461       1       java.nio.HeapByteBuffer::get (14 bytes)
Event: 1.207 Thread 0x000001db8edd92d0 2462       1       java.nio.Buffer::nextGetIndex (30 bytes)
Event: 1.207 Thread 0x000001db8e3b9bf0 nmethod 2461 0x000001dbfab75c90 code [0x000001dbfab75e40, 0x000001dbfab75fc8]
Event: 1.207 Thread 0x000001db8edd92d0 nmethod 2462 0x000001dbfab76110 code [0x000001dbfab762a0, 0x000001dbfab763c8]
Event: 1.207 Thread 0x000001db90242a60 nmethod 2455 0x000001dbfab76490 code [0x000001dbfab76ae0, 0x000001dbfab78618]

GC Heap History (6 events):
Event: 0.413 GC heap before
{Heap before GC invocations=0 (full 0):
 garbage-first heap   total 393216K, used 20480K [0x0000000682c00000, 0x0000000800000000)
  region size 4096K, 5 young (20480K), 0 survivors (0K)
 Metaspace       used 5595K, committed 5824K, reserved 1056768K
  class space    used 708K, committed 832K, reserved 1048576K
}
Event: 0.417 GC heap after
{Heap after GC invocations=1 (full 0):
 garbage-first heap   total 393216K, used 7452K [0x0000000682c00000, 0x0000000800000000)
  region size 4096K, 1 young (4096K), 1 survivors (4096K)
 Metaspace       used 5595K, committed 5824K, reserved 1056768K
  class space    used 708K, committed 832K, reserved 1048576K
}
Event: 0.576 GC heap before
{Heap before GC invocations=1 (full 0):
 garbage-first heap   total 393216K, used 19740K [0x0000000682c00000, 0x0000000800000000)
  region size 4096K, 4 young (16384K), 1 survivors (4096K)
 Metaspace       used 8284K, committed 8448K, reserved 1056768K
  class space    used 1083K, committed 1152K, reserved 1048576K
}
Event: 0.579 GC heap after
{Heap after GC invocations=2 (full 0):
 garbage-first heap   total 393216K, used 8766K [0x0000000682c00000, 0x0000000800000000)
  region size 4096K, 1 young (4096K), 1 survivors (4096K)
 Metaspace       used 8284K, committed 8448K, reserved 1056768K
  class space    used 1083K, committed 1152K, reserved 1048576K
}
Event: 1.165 GC heap before
{Heap before GC invocations=2 (full 0):
 garbage-first heap   total 393216K, used 49726K [0x0000000682c00000, 0x0000000800000000)
  region size 4096K, 12 young (49152K), 1 survivors (4096K)
 Metaspace       used 17027K, committed 17344K, reserved 1064960K
  class space    used 2272K, committed 2432K, reserved 1048576K
}
Event: 1.168 GC heap after
{Heap after GC invocations=3 (full 0):
 garbage-first heap   total 393216K, used 11351K [0x0000000682c00000, 0x0000000800000000)
  region size 4096K, 1 young (4096K), 1 survivors (4096K)
 Metaspace       used 17027K, committed 17344K, reserved 1064960K
  class space    used 2272K, committed 2432K, reserved 1048576K
}

Deoptimization events (2 events):
Event: 1.207 Thread 0x000001dbf0cbe170 DEOPT PACKING pc=0x000001dbfab4fe79 sp=0x0000006d968fc4a0
Event: 1.207 Thread 0x000001dbf0cbe170 DEOPT UNPACKING pc=0x000001dbfa572b43 sp=0x0000006d968fb980 mode 3

Classes unloaded (0 events):
No events

Classes redefined (0 events):
No events

Internal exceptions (20 events):
Event: 0.954 Thread 0x000001dbf0cbe170 Exception <a 'java/lang/NoSuchMethodError'{0x0000000699acb850}: 'void java.lang.invoke.DirectMethodHandle$Holder.invokeInterface(java.lang.Object, java.lang.Object, java.lang.Object)'> (0x0000000699acb850) 
thrown [s\open\src\hotspot\share\interpreter\linkResolver.cpp, line 759]
Event: 0.959 Thread 0x000001dbf0cbe170 Exception <a 'java/lang/NoSuchMethodError'{0x0000000699b03250}: 'int java.lang.invoke.DirectMethodHandle$Holder.invokeVirtual(java.lang.Object, java.lang.Object, java.lang.Object)'> (0x0000000699b03250) 
thrown [s\open\src\hotspot\share\interpreter\linkResolver.cpp, line 759]
Event: 0.967 Thread 0x000001dbf0cbe170 Exception <a 'java/lang/NoSuchMethodError'{0x0000000699b7fd18}: 'void java.lang.invoke.DirectMethodHandle$Holder.invokeSpecial(java.lang.Object, java.lang.Object, java.lang.Object)'> (0x0000000699b7fd18) 
thrown [s\open\src\hotspot\share\interpreter\linkResolver.cpp, line 759]
Event: 0.971 Thread 0x000001dbf0cbe170 Exception <a 'java/lang/NoSuchMethodError'{0x0000000699bcf970}: 'java.lang.Object java.lang.invoke.DirectMethodHandle$Holder.newInvokeSpecial(java.lang.Object, java.lang.Object, int, java.lang.Object)'> (0x0000000699bcf970) 
thrown [s\open\src\hotspot\share\interpreter\linkResolver.cpp, line 759]
Event: 0.974 Thread 0x000001dbf0cbe170 Exception <a 'java/lang/NoSuchMethodError'{0x0000000699bfc568}: 'int java.lang.invoke.DirectMethodHandle$Holder.invokeVirtual(java.lang.Object, java.lang.Object)'> (0x0000000699bfc568) 
thrown [s\open\src\hotspot\share\interpreter\linkResolver.cpp, line 759]
Event: 0.983 Thread 0x000001db8f8459c0 Exception <a 'java/lang/reflect/InvocationTargetException'{0x00000006994beab8}> (0x00000006994beab8) 
thrown [s\open\src\hotspot\share\runtime\reflection.cpp, line 1121]
Event: 0.994 Thread 0x000001dbf0cbe170 Exception <a 'java/lang/NoSuchMethodError'{0x0000000699548258}: 'void java.lang.invoke.DirectMethodHandle$Holder.invokeStatic(java.lang.Object, java.lang.Object, int)'> (0x0000000699548258) 
thrown [s\open\src\hotspot\share\interpreter\linkResolver.cpp, line 759]
Event: 0.995 Thread 0x000001dbf0cbe170 Exception <a 'java/lang/NoSuchMethodError'{0x0000000699550280}: 'void java.lang.invoke.DirectMethodHandle$Holder.invokeStaticInit(java.lang.Object, java.lang.Object)'> (0x0000000699550280) 
thrown [s\open\src\hotspot\share\interpreter\linkResolver.cpp, line 759]
Event: 0.996 Thread 0x000001dbf0cbe170 Exception <a 'java/lang/NoSuchMethodError'{0x000000069955d5b0}: 'void java.lang.invoke.DirectMethodHandle$Holder.invokeStaticInit(java.lang.Object, java.lang.Object, java.lang.Object)'> (0x000000069955d5b0) 
thrown [s\open\src\hotspot\share\interpreter\linkResolver.cpp, line 759]
Event: 0.997 Thread 0x000001dbf0cbe170 Exception <a 'java/lang/NoSuchMethodError'{0x0000000699570d60}: 'java.lang.Object java.lang.invoke.DirectMethodHandle$Holder.invokeStatic(java.lang.Object, java.lang.Object, long, java.lang.Object)'> (0x0000000699570d60) 
thrown [s\open\src\hotspot\share\interpreter\linkResolver.cpp, line 759]
Event: 0.997 Thread 0x000001dbf0cbe170 Exception <a 'java/lang/NoSuchMethodError'{0x00000006995747f8}: 'java.lang.Object java.lang.invoke.DirectMethodHandle$Holder.invokeStaticInit(java.lang.Object, java.lang.Object, long, java.lang.Object)'> (0x00000006995747f8) 
thrown [s\open\src\hotspot\share\interpreter\linkResolver.cpp, line 759]
Event: 0.998 Thread 0x000001dbf0cbe170 Exception <a 'java/lang/NoSuchMethodError'{0x000000069957ab28}: 'java.lang.Object java.lang.invoke.DirectMethodHandle$Holder.newInvokeSpecial(java.lang.Object, java.lang.Object, long)'> (0x000000069957ab28) 
thrown [s\open\src\hotspot\share\interpreter\linkResolver.cpp, line 759]
Event: 1.002 Thread 0x000001dbf0cbe170 Exception <a 'java/lang/NoSuchMethodError'{0x00000006995c51d8}: 'void java.lang.invoke.DirectMethodHandle$Holder.invokeVirtual(java.lang.Object, java.lang.Object, java.lang.Object, java.lang.Object)'> (0x00000006995c51d8) 
thrown [s\open\src\hotspot\share\interpreter\linkResolver.cpp, line 759]
Event: 1.026 Thread 0x000001db8f846830 Exception <a 'java/lang/NoClassDefFoundError'{0x00000006997e8ab0}: jakarta/validation/Validation> (0x00000006997e8ab0) 
thrown [s\open\src\hotspot\share\classfile\systemDictionary.cpp, line 245]
Event: 1.185 Thread 0x000001dbf0cbe170 Exception <a 'java/lang/NoSuchMethodError'{0x000000069a9132b0}: 'void java.lang.invoke.DirectMethodHandle$Holder.invokeInterface(java.lang.Object, java.lang.Object, java.lang.Object, java.lang.Object)'> (0x000000069a9132b0) 
thrown [s\open\src\hotspot\share\interpreter\linkResolver.cpp, line 759]
Event: 1.200 Thread 0x000001db8f846830 Exception <a 'java/lang/NoSuchMethodError'{0x000000069a6154e0}: 'long java.lang.invoke.DirectMethodHandle$Holder.invokeSpecial(java.lang.Object, java.lang.Object)'> (0x000000069a6154e0) 
thrown [s\open\src\hotspot\share\interpreter\linkResolver.cpp, line 759]
Event: 1.201 Thread 0x000001db8f846830 Exception <a 'java/lang/NoSuchMethodError'{0x000000069a620708}: 'long java.lang.invoke.DirectMethodHandle$Holder.invokeStatic(java.lang.Object, java.lang.Object)'> (0x000000069a620708) 
thrown [s\open\src\hotspot\share\interpreter\linkResolver.cpp, line 759]
Event: 1.201 Thread 0x000001db8f846830 Exception <a 'java/lang/NoSuchMethodError'{0x000000069a623d08}: 'long java.lang.invoke.DirectMethodHandle$Holder.invokeStaticInit(java.lang.Object, java.lang.Object)'> (0x000000069a623d08) 
thrown [s\open\src\hotspot\share\interpreter\linkResolver.cpp, line 759]
Event: 1.202 Thread 0x000001db8f846830 Exception <a 'java/lang/NoSuchMethodError'{0x000000069a003c90}: 'long java.lang.invoke.DirectMethodHandle$Holder.invokeInterface(java.lang.Object, java.lang.Object)'> (0x000000069a003c90) 
thrown [s\open\src\hotspot\share\interpreter\linkResolver.cpp, line 759]
Event: 1.202 Thread 0x000001db8f846830 Exception <a 'java/lang/IncompatibleClassChangeError'{0x000000069a007220}: Found class java.lang.Object, but interface was expected> (0x000000069a007220) 
thrown [s\open\src\hotspot\share\interpreter\linkResolver.cpp, line 826]

VM Operations (20 events):
Event: 0.413 Executing VM operation: G1CollectForAllocation
Event: 0.417 Executing VM operation: G1CollectForAllocation done
Event: 0.566 Executing VM operation: HandshakeAllThreads
Event: 0.566 Executing VM operation: HandshakeAllThreads done
Event: 0.576 Executing VM operation: G1CollectForAllocation
Event: 0.579 Executing VM operation: G1CollectForAllocation done
Event: 0.673 Executing VM operation: HandshakeAllThreads
Event: 0.673 Executing VM operation: HandshakeAllThreads done
Event: 0.965 Executing VM operation: ICBufferFull
Event: 0.965 Executing VM operation: ICBufferFull done
Event: 1.022 Executing VM operation: HandshakeAllThreads
Event: 1.022 Executing VM operation: HandshakeAllThreads done
Event: 1.111 Executing VM operation: HandshakeAllThreads
Event: 1.111 Executing VM operation: HandshakeAllThreads done
Event: 1.130 Executing VM operation: HandshakeAllThreads
Event: 1.130 Executing VM operation: HandshakeAllThreads done
Event: 1.138 Executing VM operation: HandshakeAllThreads
Event: 1.138 Executing VM operation: HandshakeAllThreads done
Event: 1.165 Executing VM operation: G1CollectForAllocation
Event: 1.168 Executing VM operation: G1CollectForAllocation done

Events (20 events):
Event: 1.102 loading class java/io/CharArrayReader
Event: 1.102 loading class java/io/CharArrayReader done
Event: 1.128 loading class java/beans/BeanInfo
Event: 1.128 loading class java/beans/BeanInfo done
Event: 1.129 loading class java/beans/MethodRef
Event: 1.129 loading class java/beans/MethodRef done
Event: 1.129 loading class java/beans/SimpleBeanInfo
Event: 1.129 loading class java/beans/SimpleBeanInfo done
Event: 1.130 loading class com/sun/beans/TypeResolver
Event: 1.130 loading class com/sun/beans/TypeResolver done
Event: 1.130 loading class com/sun/beans/WeakCache
Event: 1.130 loading class com/sun/beans/WeakCache done
Event: 1.130 loading class com/sun/beans/WildcardTypeImpl
Event: 1.130 loading class com/sun/beans/WildcardTypeImpl done
Event: 1.140 loading class java/net/SocketException
Event: 1.140 loading class java/net/SocketException done
Event: 1.193 loading class java/util/regex/Pattern$BnM
Event: 1.194 loading class java/util/regex/Pattern$BnM done
Event: 1.194 loading class java/util/regex/Pattern$Pos
Event: 1.194 loading class java/util/regex/Pattern$Pos done


Dynamic libraries:
0x00007ff69d580000 - 0x00007ff69d590000 	C:\Program Files\Java\jdk-17\bin\javaw.exe
0x00007ffb04b50000 - 0x00007ffb04d48000 	C:\Windows\SYSTEM32\ntdll.dll
0x00007ffb02ce0000 - 0x00007ffb02d9f000 	C:\Windows\System32\KERNEL32.DLL
0x00007ffb026f0000 - 0x00007ffb029e6000 	C:\Windows\System32\KERNELBASE.dll
0x00007ffb025c0000 - 0x00007ffb026c0000 	C:\Windows\System32\ucrtbase.dll
0x00007ffaf1540000 - 0x00007ffaf155b000 	C:\Program Files\Java\jdk-17\bin\VCRUNTIME140.dll
0x00007ffaebe30000 - 0x00007ffaebe49000 	C:\Program Files\Java\jdk-17\bin\jli.dll
0x00007ffb02f80000 - 0x00007ffb0302f000 	C:\Windows\System32\ADVAPI32.dll
0x00007ffb02bc0000 - 0x00007ffb02c5e000 	C:\Windows\System32\msvcrt.dll
0x00007ffb03e10000 - 0x00007ffb03eac000 	C:\Windows\System32\sechost.dll
0x00007ffb03bb0000 - 0x00007ffb03cd6000 	C:\Windows\System32\RPCRT4.dll
0x00007ffb03ec0000 - 0x00007ffb0405d000 	C:\Windows\System32\USER32.dll
0x00007ffb026c0000 - 0x00007ffb026e2000 	C:\Windows\System32\win32u.dll
0x00007ffaed6e0000 - 0x00007ffaed97a000 	C:\Windows\WinSxS\amd64_microsoft.windows.common-controls_6595b64144ccf1df_6.0.19041.1110_none_60b5254171f9507e\COMCTL32.dll
0x00007ffb03b80000 - 0x00007ffb03bac000 	C:\Windows\System32\GDI32.dll
0x00007ffb02230000 - 0x00007ffb02345000 	C:\Windows\System32\gdi32full.dll
0x00007ffb029f0000 - 0x00007ffb02a8d000 	C:\Windows\System32\msvcp_win.dll
0x00007ffafa100000 - 0x00007ffafa10a000 	C:\Windows\SYSTEM32\VERSION.dll
0x00007ffb04ae0000 - 0x00007ffb04b10000 	C:\Windows\System32\IMM32.DLL
0x00007ffaebe20000 - 0x00007ffaebe2c000 	C:\Program Files\Java\jdk-17\bin\vcruntime140_1.dll
0x00007ffac9dd0000 - 0x00007ffac9e5e000 	C:\Program Files\Java\jdk-17\bin\msvcp140.dll
0x00007ffa9dbe0000 - 0x00007ffa9e7bd000 	C:\Program Files\Java\jdk-17\bin\server\jvm.dll
0x00007ffb03eb0000 - 0x00007ffb03eb8000 	C:\Windows\System32\PSAPI.DLL
0x00007ffaeb390000 - 0x00007ffaeb3b7000 	C:\Windows\SYSTEM32\WINMM.dll
0x00007ffae8060000 - 0x00007ffae8069000 	C:\Windows\SYSTEM32\WSOCK32.dll
0x00007ffb04a70000 - 0x00007ffb04adb000 	C:\Windows\System32\WS2_32.dll
0x00007ffb000b0000 - 0x00007ffb000c2000 	C:\Windows\SYSTEM32\kernel.appcore.dll
0x00007ffae7a30000 - 0x00007ffae7a3a000 	C:\Program Files\Java\jdk-17\bin\jimage.dll
0x00007ffaed4d0000 - 0x00007ffaed6b4000 	C:\Windows\SYSTEM32\DBGHELP.DLL
0x00007ffaed490000 - 0x00007ffaed4c4000 	C:\Windows\SYSTEM32\dbgcore.DLL
0x00007ffb02530000 - 0x00007ffb025b2000 	C:\Windows\System32\bcryptPrimitives.dll
0x00007ffad9840000 - 0x00007ffad9865000 	C:\Program Files\Java\jdk-17\bin\java.dll
0x00007ffabcca0000 - 0x00007ffabcd77000 	C:\Program Files\Java\jdk-17\bin\jsvml.dll
0x00007ffb040c0000 - 0x00007ffb04804000 	C:\Windows\System32\SHELL32.dll
0x00007ffb002b0000 - 0x00007ffb00a43000 	C:\Windows\SYSTEM32\windows.storage.dll
0x00007ffb03090000 - 0x00007ffb033e4000 	C:\Windows\System32\combase.dll
0x00007ffb01bb0000 - 0x00007ffb01bde000 	C:\Windows\SYSTEM32\Wldp.dll
0x00007ffb02da0000 - 0x00007ffb02e4d000 	C:\Windows\System32\SHCORE.dll
0x00007ffb03db0000 - 0x00007ffb03e05000 	C:\Windows\System32\shlwapi.dll
0x00007ffb02170000 - 0x00007ffb0218f000 	C:\Windows\SYSTEM32\profapi.dll
0x00007ffae7a10000 - 0x00007ffae7a29000 	C:\Program Files\Java\jdk-17\bin\net.dll
0x00007ffafcee0000 - 0x00007ffafcfea000 	C:\Windows\SYSTEM32\WINHTTP.dll
0x00007ffb01990000 - 0x00007ffb019fa000 	C:\Windows\system32\mswsock.dll
0x00007ffad9820000 - 0x00007ffad9836000 	C:\Program Files\Java\jdk-17\bin\nio.dll
0x00007ffad90b0000 - 0x00007ffad90c8000 	C:\Program Files\Java\jdk-17\bin\zip.dll
0x00007ffad9ed0000 - 0x00007ffad9eda000 	C:\Program Files\Java\jdk-17\bin\management.dll
0x00007ffb016a0000 - 0x00007ffb0176b000 	C:\Windows\SYSTEM32\DNSAPI.dll
0x00007ffb01650000 - 0x00007ffb0168c000 	C:\Windows\SYSTEM32\IPHLPAPI.DLL
0x00007ffb03940000 - 0x00007ffb03948000 	C:\Windows\System32\NSI.dll
0x000000006fc40000 - 0x000000006fc66000 	C:\Program Files\Bonjour\mdnsNSP.dll
0x00007ffafb310000 - 0x00007ffafb31a000 	C:\Windows\System32\rasadhlp.dll
0x00007ffafa2e0000 - 0x00007ffafa362000 	C:\Windows\System32\fwpuclnt.dll
0x00007ffb024b0000 - 0x00007ffb024d7000 	C:\Windows\System32\bcrypt.dll
0x00007ffad90a0000 - 0x00007ffad90ab000 	C:\Program Files\Java\jdk-17\bin\management_ext.dll
0x00007ffad8dd0000 - 0x00007ffad8de7000 	C:\Windows\system32\napinsp.dll
0x00007ffad8e00000 - 0x00007ffad8e1b000 	C:\Windows\system32\pnrpnsp.dll
0x00007ffafcd60000 - 0x00007ffafcd75000 	C:\Windows\system32\wshbth.dll
0x00007ffafdf70000 - 0x00007ffafdf8d000 	C:\Windows\system32\NLAapi.dll
0x00007ffad8db0000 - 0x00007ffad8dc2000 	C:\Windows\System32\winrnr.dll
0x00007ffb01bf0000 - 0x00007ffb01c08000 	C:\Windows\SYSTEM32\CRYPTSP.dll
0x00007ffb01260000 - 0x00007ffb01294000 	C:\Windows\system32\rsaenh.dll
0x00007ffb020f0000 - 0x00007ffb0211e000 	C:\Windows\SYSTEM32\USERENV.dll
0x00007ffb01b20000 - 0x00007ffb01b2c000 	C:\Windows\SYSTEM32\CRYPTBASE.dll
0x00007ffafbce0000 - 0x00007ffafbcf7000 	C:\Windows\SYSTEM32\dhcpcsvc6.DLL
0x00007ffafb500000 - 0x00007ffafb51d000 	C:\Windows\SYSTEM32\dhcpcsvc.DLL

dbghelp: loaded successfully - version: 4.0.5 - missing functions: none
symbol engine: initialized successfully - sym options: 0x614 - pdb path: .;C:\Program Files\Java\jdk-17\bin;C:\Windows\SYSTEM32;C:\Windows\WinSxS\amd64_microsoft.windows.common-controls_6595b64144ccf1df_6.0.19041.1110_none_60b5254171f9507e;C:\Program Files\Java\jdk-17\bin\server;C:\Program Files\Bonjour

VM Arguments:
jvm_args: -Dcom.sun.management.jmxremote -Dcom.sun.management.jmxremote.port=53586 -Dcom.sun.management.jmxremote.authenticate=false -Dcom.sun.management.jmxremote.ssl=false -Djava.rmi.server.hostname=localhost -Dspring.jmx.enabled=true -Dspring.application.admin.enabled=true -XX:TieredStopAtLevel=1 -Dspring.boot.project.name=communication-service -Dfile.encoding=UTF-8 -XX:+ShowCodeDetailsInExceptionMessages 
java_command: kripton.communicationservice.CommunicationServiceApplication --spring.output.ansi.enabled=always
java_class_path (initial): C:\Users\MUHAMED ALOUANI\Desktop\Année universitaire 2022-2023\KRIPTON-TALENT\kripton-talent\communication-service\target\classes;C:\Users\MUHAMED ALOUANI\.m2\repository\org\springframework\boot\spring-boot-starter-web\3.0.4\spring-boot-starter-web-3.0.4.jar;C:\Users\MUHAMED ALOUANI\.m2\repository\org\springframework\boot\spring-boot-starter\3.0.4\spring-boot-starter-3.0.4.jar;C:\Users\MUHAMED ALOUANI\.m2\repository\org\springframework\boot\spring-boot\3.0.4\spring-boot-3.0.4.jar;C:\Users\MUHAMED ALOUANI\.m2\repository\org\springframework\boot\spring-boot-autoconfigure\3.0.4\spring-boot-autoconfigure-3.0.4.jar;C:\Users\MUHAMED ALOUANI\.m2\repository\org\springframework\boot\spring-boot-starter-logging\3.0.4\spring-boot-starter-logging-3.0.4.jar;C:\Users\MUHAMED ALOUANI\.m2\repository\ch\qos\logback\logback-classic\1.4.5\logback-classic-1.4.5.jar;C:\Users\MUHAMED ALOUANI\.m2\repository\ch\qos\logback\logback-core\1.4.5\logback-core-1.4.5.jar;C:\Users\MUHAMED ALOUANI\.m2\repository\org\apache\logging\log4j\log4j-to-slf4j\2.19.0\log4j-to-slf4j-2.19.0.jar;C:\Users\MUHAMED ALOUANI\.m2\repository\org\apache\logging\log4j\log4j-api\2.19.0\log4j-api-2.19.0.jar;C:\Users\MUHAMED ALOUANI\.m2\repository\org\slf4j\jul-to-slf4j\2.0.6\jul-to-slf4j-2.0.6.jar;C:\Users\MUHAMED ALOUANI\.m2\repository\jakarta\annotation\jakarta.annotation-api\2.1.1\jakarta.annotation-api-2.1.1.jar;C:\Users\MUHAMED ALOUANI\.m2\repository\org\yaml\snakeyaml\1.33\snakeyaml-1.33.jar;C:\Users\MUHAMED ALOUANI\.m2\repository\org\springframework\boot\spring-boot-starter-json\3.0.4\spring-boot-starter-json-3.0.4.jar;C:\Users\MUHAMED ALOUANI\.m2\repository\com\fasterxml\jackson\datatype\jackson-datatype-jdk8\2.14.2\jackson-datatype-jdk8-2.14.2.jar;C:\Users\MUHAMED ALOUANI\.m2\repository\com\fasterxml\jackson\datatype\jackson-datatype-jsr310\2.14.2\jackson-datatype-jsr310-2.14.2.jar;C:\Users\MUHAMED ALOUANI\.m2\repository\com\fasterxml\jackson\module\jackson-module-parameter-names\2.1
Launcher Type: SUN_STANDARD

[Global flags]
     intx CICompilerCount                          = 4                                         {product} {ergonomic}
     uint ConcGCThreads                            = 2                                         {product} {ergonomic}
     uint G1ConcRefinementThreads                  = 8                                         {product} {ergonomic}
   size_t G1HeapRegionSize                         = 4194304                                   {product} {ergonomic}
    uintx GCDrainStackTargetSize                   = 64                                        {product} {ergonomic}
   size_t InitialHeapSize                          = 402653184                                 {product} {ergonomic}
     bool ManagementServer                         = true                                      {product} {command line}
   size_t MarkStackSize                            = 4194304                                   {product} {ergonomic}
   size_t MaxHeapSize                              = 6396313600                                {product} {ergonomic}
   size_t MaxNewSize                               = 3837788160                                {product} {ergonomic}
   size_t MinHeapDeltaBytes                        = 4194304                                   {product} {ergonomic}
   size_t MinHeapSize                              = 8388608                                   {product} {ergonomic}
    uintx NonProfiledCodeHeapSize                  = 0                                      {pd product} {ergonomic}
     bool ProfileInterpreter                       = false                                  {pd product} {command line}
    uintx ProfiledCodeHeapSize                     = 0                                      {pd product} {ergonomic}
     bool ShowCodeDetailsInExceptionMessages       = true                                   {manageable} {command line}
   size_t SoftMaxHeapSize                          = 6396313600                             {manageable} {ergonomic}
     intx TieredStopAtLevel                        = 1                                         {product} {command line}
     bool UseCompressedClassPointers               = true                           {product lp64_product} {ergonomic}
     bool UseCompressedOops                        = true                           {product lp64_product} {ergonomic}
     bool UseG1GC                                  = true                                      {product} {ergonomic}
     bool UseLargePagesIndividualAllocation        = false                                  {pd product} {ergonomic}

Logging:
Log output configuration:
 #0: stdout all=warning uptime,level,tags
 #1: stderr all=off uptime,level,tags

Environment Variables:
JAVA_HOME=C:\Program Files\Java\jdk-11.0.11.9-hotspot
PATH=C:/Users/MUHAMED ALOUANI/Downloads/sts-4.11.0.RELEASE//plugins/org.eclipse.justj.openjdk.hotspot.jre.full.win32.x86_64_16.0.1.v20210528-1205/jre/bin/server;C:/Users/MUHAMED ALOUANI/Downloads/sts-4.11.0.RELEASE//plugins/org.eclipse.justj.openjdk.hotspot.jre.full.win32.x86_64_16.0.1.v20210528-1205/jre/bin;C:\Program Files\Java\jdk-11.0.14\bin;C:\Program Files\Common Files\Oracle\Java\javapath;C:\Program Files\Java\jdk1.8.0_31\bin;C:\Program Files\Java\jdk1.7.0_80\bin;C:\app\mal\product\12.2.0\dbhome_1\bin;C:\Program Files\AdoptOpenJDK\jdk-11.0.11.9-hotspot\bin;C:\Windows\system32;C:\Windows;C:\Windows\System32\Wbem;C:\Windows\System32\WindowsPowerShell\v1.0\;C:\Windows\System32\OpenSSH\;C:\Program Files (x86)\NVIDIA Corporation\PhysX\Common;C:\ProgramData\chocolatey\bin;C:\Program Files\Git\cmd;C:\xampp\php;C:\Program Files (x86)\Microsoft SQL Server\160\DTS\Binn\;C:\Program Files\Azure Data Studio\bin;C:\Program Files\Microsoft SQL Server\Client SDK\ODBC\170\Tools\Binn\;C:\Program Files (x86)\Microsoft SQL Server\150\Tools\Binn\;C:\Program Files\Microsoft SQL Server\150\Tools\Binn\;C:\Program Files\Microsoft SQL Server\150\DTS\Binn\;C:\Program Files (x86)\dotnet\;C:\Program Files\nodejs\;C:\Program Files\Docker\Docker\resources\bin;C:\Users\MUHAMED ALOUANI\AppData\Local\Programs\Python\Python39\Scripts\;C:\Users\MUHAMED ALOUANI\AppData\Local\Programs\Python\Python39\;C:\Users\MUHAMED ALOUANI\AppData\Local\Microsoft\WindowsApps;C:\Program Files\JetBrains\IntelliJ IDEA Community Edition 2020.3.2\bin;;C:\Users\MUHAMED ALOUANI\AppData\Local\Programs\Microsoft VS Code\bin;C:\Program Files\JetBrains\PhpStorm 2021.2.1\bin;;C:\Users\MUHAMED ALOUANI\AppData\Roaming\Composer\vendor\bin;C:\xampp\php;C:\Program Files\MongoDB\Server\5.0\bin;C:\Program Files\Java\jdk1.7.0_80\bin;C:\Program Files\Java\jdk1.8.0_31\bin;C:\Program Files\AdoptOpenJDK\jdk-11.0.11.9-hotspot\bin;C:\Python27;C:\Program Files\JetBrains\IntelliJ IDEA 2023.1.2\bin;;C:\Program Files\Azure Data Studio\bin;C:\
USERNAME=MUHAMED ALOUANI
OS=Windows_NT
PROCESSOR_IDENTIFIER=Intel64 Family 6 Model 165 Stepping 2, GenuineIntel



---------------  S Y S T E M  ---------------

OS:
 Windows 10 , 64 bit Build 19041 (10.0.19041.2913)
OS uptime: 0 days 1:15 hours
Hyper-V role detected

CPU: total 8 (initial active 8) (4 cores per cpu, 2 threads per core) family 6 model 165 stepping 2 microcode 0xe2, cx8, cmov, fxsr, ht, mmx, 3dnowpref, sse, sse2, sse3, ssse3, sse4.1, sse4.2, popcnt, lzcnt, tsc, tscinvbit, avx, avx2, aes, erms, clmul, bmi1, bmi2, adx, fma, vzeroupper, clflush, clflushopt, hv

Memory: 4k page, system-wide physical 24394M (1267M free)
TotalPageFile size 28442M (AvailPageFile size 3M)
current process WorkingSet (physical memory assigned to process): 127M, peak: 127M
current process commit charge ("private bytes"): 509M, peak: 509M

vm_info: Java HotSpot(TM) 64-Bit Server VM (17.0.7+8-LTS-224) for windows-amd64 JRE (17.0.7+8-LTS-224), built on Feb 28 2023 23:03:02 by "mach5one" with MS VC++ 17.1 (VS2022)

END.
